#
# There is insufficient memory for the Java Runtime Environment to continue.
# Native memory allocation (malloc) failed to allocate 32744 bytes. Error detail: ChunkPool::allocate
# Possible reasons:
#   The system is out of physical RAM or swap space
#   This process is running with CompressedOops enabled, and the Java Heap may be blocking the growth of the native heap
# Possible solutions:
#   Reduce memory load on the system
#   Increase physical memory or swap space
#   Check if swap backing store is full
#   Decrease Java heap size (-Xmx/-Xms)
#   Decrease number of Java threads
#   Decrease Java thread stack sizes (-Xss)
#   Set larger code cache with -XX:ReservedCodeCacheSize=
#   JVM is running with Unscaled Compressed Oops mode in which the Java heap is
#     placed in the first 4GB address space. The Java Heap base address is the
#     maximum limit for the native heap growth. Please use -XX:HeapBaseMinAddress
#     to set the Java Heap base and to place the Java Heap above 4GB virtual address.
# This output file may be truncated or incomplete.
#
#  Out of Memory Error (arena.cpp:79), pid=30436, tid=29476
#
# JRE version: OpenJDK Runtime Environment Temurin-17.0.13+11 (17.0.13+11) (build 17.0.13+11)
# Java VM: OpenJDK 64-Bit Server VM Temurin-17.0.13+11 (17.0.13+11, mixed mode, tiered, compressed oops, compressed class ptrs, parallel gc, windows-amd64)
# No core dump will be written. Minidumps are not enabled by default on client versions of Windows
#

---------------  S U M M A R Y ------------

Command Line: --add-modules=ALL-SYSTEM --add-opens=java.base/java.util=ALL-UNNAMED --add-opens=java.base/java.lang=ALL-UNNAMED --add-opens=java.base/sun.nio.fs=ALL-UNNAMED -Declipse.application=org.eclipse.jdt.ls.core.id1 -Dosgi.bundles.defaultStartLevel=4 -Declipse.product=org.eclipse.jdt.ls.core.product -Djava.import.generatesMetadataFilesAtProjectRoot=false -DDetectVMInstallationsJob.disabled=true -Dfile.encoding=utf8 -XX:+UseParallelGC -XX:GCTimeRatio=4 -XX:AdaptiveSizePolicyWeight=90 -Dsun.zip.disableMemoryMapping=true -Xmx1G -Xms100m -Xlog:disable -javaagent:c:\Users\rodri\.vscode\extensions\redhat.java-1.36.0-win32-x64\lombok\lombok-1.18.35.jar c:\Users\rodri\.vscode\extensions\redhat.java-1.36.0-win32-x64\server\plugins\org.eclipse.equinox.launcher_1.6.900.v20240613-2009.jar -configuration c:\Users\rodri\AppData\Roaming\Code\User\globalStorage\redhat.java\1.36.0\config_ss_win -data c:\Users\rodri\AppData\Roaming\Code\User\workspaceStorage\15bb19ec7aa4bcb7399b3e768695512b\redhat.java\ss_ws --pipe=\\.\pipe\lsp-abfa1200009c867bb5f0d800d17eb241-sock

Host: 11th Gen Intel(R) Core(TM) i3-1115G4 @ 3.00GHz, 4 cores, 3G,  Windows 11 , 64 bit Build 22621 (10.0.22621.4391)
Time: Sun Nov 10 11:09:26 2024 Hora oficial do Brasil elapsed time: 2.208571 seconds (0d 0h 0m 2s)

---------------  T H R E A D  ---------------

Current thread (0x000001b0fd45fde0):  JavaThread "C1 CompilerThread0" daemon [_thread_in_native, id=29476, stack(0x00000069f8900000,0x00000069f8a00000)]


Current CompileTask:
C1:   2208  539       3       java.math.BigInteger::<init> (404 bytes)

Stack: [0x00000069f8900000,0x00000069f8a00000]
Native frames: (J=compiled Java code, j=interpreted, Vv=VM code, C=native code)
V  [jvm.dll+0x682a19]
V  [jvm.dll+0x839538]
V  [jvm.dll+0x83afe3]
V  [jvm.dll+0x83b653]
V  [jvm.dll+0x24704f]
V  [jvm.dll+0xad03c]
V  [jvm.dll+0xad4cc]
V  [jvm.dll+0x16aeb7]
V  [jvm.dll+0x16930d]
V  [jvm.dll+0x163812]
V  [jvm.dll+0x15e14e]
V  [jvm.dll+0x14c2c0]
V  [jvm.dll+0x135477]
V  [jvm.dll+0x134dcf]
V  [jvm.dll+0x135018]
V  [jvm.dll+0x1344a1]
V  [jvm.dll+0x13618d]
V  [jvm.dll+0x22788c]
V  [jvm.dll+0x2259eb]
V  [jvm.dll+0x7eec98]
V  [jvm.dll+0x7e8ffc]
V  [jvm.dll+0x6818f7]
C  [ucrtbase.dll+0x29333]
C  [KERNEL32.DLL+0x1259d]
C  [ntdll.dll+0x5af38]


---------------  P R O C E S S  ---------------

Threads class SMR info:
_java_thread_list=0x000001b0fd790a20, length=12, elements={
0x000001b0e4457b90, 0x000001b0f8292030, 0x000001b0f8293b90, 0x000001b0f82c0330,
0x000001b0f82c0c00, 0x000001b0f82c35e0, 0x000001b0f82c3eb0, 0x000001b0f82c4b60,
0x000001b0fd45fde0, 0x000001b0fd4a1e80, 0x000001b0fd5330c0, 0x000001b0fd793520
}

Java Threads: ( => current thread )
  0x000001b0e4457b90 JavaThread "main" [_thread_in_vm, id=30376, stack(0x00000069f7f00000,0x00000069f8000000)]
  0x000001b0f8292030 JavaThread "Reference Handler" daemon [_thread_blocked, id=29028, stack(0x00000069f8200000,0x00000069f8300000)]
  0x000001b0f8293b90 JavaThread "Finalizer" daemon [_thread_blocked, id=17416, stack(0x00000069f8300000,0x00000069f8400000)]
  0x000001b0f82c0330 JavaThread "Signal Dispatcher" daemon [_thread_blocked, id=23424, stack(0x00000069f8400000,0x00000069f8500000)]
  0x000001b0f82c0c00 JavaThread "Attach Listener" daemon [_thread_blocked, id=22524, stack(0x00000069f8500000,0x00000069f8600000)]
  0x000001b0f82c35e0 JavaThread "Service Thread" daemon [_thread_blocked, id=28448, stack(0x00000069f8600000,0x00000069f8700000)]
  0x000001b0f82c3eb0 JavaThread "Monitor Deflation Thread" daemon [_thread_blocked, id=9636, stack(0x00000069f8700000,0x00000069f8800000)]
  0x000001b0f82c4b60 JavaThread "C2 CompilerThread0" daemon [_thread_in_native, id=27428, stack(0x00000069f8800000,0x00000069f8900000)]
=>0x000001b0fd45fde0 JavaThread "C1 CompilerThread0" daemon [_thread_in_native, id=29476, stack(0x00000069f8900000,0x00000069f8a00000)]
  0x000001b0fd4a1e80 JavaThread "Sweeper thread" daemon [_thread_blocked, id=29492, stack(0x00000069f8a00000,0x00000069f8b00000)]
  0x000001b0fd5330c0 JavaThread "Common-Cleaner" daemon [_thread_blocked, id=28740, stack(0x00000069f8b00000,0x00000069f8c00000)]
  0x000001b0fd793520 JavaThread "Notification Thread" daemon [_thread_blocked, id=23628, stack(0x00000069f8c00000,0x00000069f8d00000)]

Other Threads:
  0x000001b0f827a940 VMThread "VM Thread" [stack: 0x00000069f8100000,0x00000069f8200000] [id=30404]
  0x000001b0fd793a00 WatcherThread [stack: 0x00000069f8d00000,0x00000069f8e00000] [id=5876]
  0x000001b0e446c020 GCTaskThread "GC Thread#0" [stack: 0x00000069f8000000,0x00000069f8100000] [id=29040]

Threads with active compile tasks:
C2 CompilerThread0     2249  528       4       lombok.patcher.scripts.MethodLevelPatchScript::patch (21 bytes)
C1 CompilerThread0     2249  539       3       java.math.BigInteger::<init> (404 bytes)

VM state: not at safepoint (normal execution)

VM Mutex/Monitor currently owned by a thread: None

Heap address: 0x00000000c0000000, size: 1024 MB, Compressed Oops mode: 32-bit

CDS archive(s) not mapped
Compressed class space mapped at: 0x0000000100000000-0x0000000140000000, reserved size: 1073741824
Narrow klass base: 0x0000000000000000, Narrow klass shift: 3, Narrow klass range: 0x140000000

GC Precious Log:
 CPUs: 4 total, 4 available
 Memory: 3879M
 Large Page Support: Disabled
 NUMA Support: Disabled
 Compressed Oops: Enabled (32-bit)
 Alignments: Space 512K, Generation 512K, Heap 2M
 Heap Min Capacity: 100M
 Heap Initial Capacity: 100M
 Heap Max Capacity: 1G
 Pre-touch: Disabled
 Parallel Workers: 4

Heap:
 PSYoungGen      total 29696K, used 11351K [0x00000000eab00000, 0x00000000ecc00000, 0x0000000100000000)
  eden space 25600K, 44% used [0x00000000eab00000,0x00000000eb615c58,0x00000000ec400000)
  from space 4096K, 0% used [0x00000000ec800000,0x00000000ec800000,0x00000000ecc00000)
  to   space 4096K, 0% used [0x00000000ec400000,0x00000000ec400000,0x00000000ec800000)
 ParOldGen       total 68608K, used 0K [0x00000000c0000000, 0x00000000c4300000, 0x00000000eab00000)
  object space 68608K, 0% used [0x00000000c0000000,0x00000000c0000000,0x00000000c4300000)
 Metaspace       used 7999K, committed 8064K, reserved 1114112K
  class space    used 783K, committed 832K, reserved 1048576K

Card table byte_map: [0x000001b0e3de0000,0x000001b0e3ff0000] _byte_map_base: 0x000001b0e37e0000

Marking Bits: (ParMarkBitMap*) 0x00007fff56166940
 Begin Bits: [0x000001b0f60e0000, 0x000001b0f70e0000)
 End Bits:   [0x000001b0f70e0000, 0x000001b0f80e0000)

Polling page: 0x000001b0e2390000

Metaspace:

Usage:
  Non-class:      7.05 MB used.
      Class:    783.29 KB used.
       Both:      7.81 MB used.

Virtual space:
  Non-class space:       64.00 MB reserved,       7.06 MB ( 11%) committed,  1 nodes.
      Class space:        1.00 GB reserved,     832.00 KB ( <1%) committed,  1 nodes.
             Both:        1.06 GB reserved,       7.88 MB ( <1%) committed. 

Chunk freelists:
   Non-Class:  8.00 MB
       Class:  15.21 MB
        Both:  23.21 MB

MaxMetaspaceSize: unlimited
CompressedClassSpaceSize: 1.00 GB
Initial GC threshold: 21.00 MB
Current GC threshold: 21.00 MB
CDS: off
MetaspaceReclaimPolicy: balanced
 - commit_granule_bytes: 65536.
 - commit_granule_words: 8192.
 - virtual_space_node_default_size: 8388608.
 - enlarge_chunks_in_place: 1.
 - new_chunks_are_fully_committed: 0.
 - uncommit_free_chunks: 1.
 - use_allocation_guard: 0.
 - handle_deallocations: 1.


Internal statistics:

num_allocs_failed_limit: 0.
num_arena_births: 10.
num_arena_deaths: 0.
num_vsnodes_births: 2.
num_vsnodes_deaths: 0.
num_space_committed: 127.
num_space_uncommitted: 0.
num_chunks_returned_to_freelist: 0.
num_chunks_taken_from_freelist: 40.
num_chunk_merges: 0.
num_chunk_splits: 23.
num_chunks_enlarged: 22.
num_inconsistent_stats: 0.

CodeHeap 'non-profiled nmethods': size=120000Kb used=196Kb max_used=196Kb free=119803Kb
 bounds [0x000001b0eebb0000, 0x000001b0eee20000, 0x000001b0f60e0000]
CodeHeap 'profiled nmethods': size=120000Kb used=730Kb max_used=730Kb free=119269Kb
 bounds [0x000001b0e70e0000, 0x000001b0e7350000, 0x000001b0ee610000]
CodeHeap 'non-nmethods': size=5760Kb used=1136Kb max_used=1146Kb free=4623Kb
 bounds [0x000001b0ee610000, 0x000001b0ee880000, 0x000001b0eebb0000]
 total_blobs=946 nmethods=534 adapters=327
 compilation: enabled
              stopped_count=0, restarted_count=0
 full_count=0

Compilation events (20 events):
Event: 2.180 Thread 0x000001b0fd45fde0 nmethod 524 0x000001b0e718fb10 code [0x000001b0e718fcc0, 0x000001b0e718ff08]
Event: 2.184 Thread 0x000001b0f82c4b60 nmethod 520 0x000001b0eebdf510 code [0x000001b0eebdf6c0, 0x000001b0eebdfc38]
Event: 2.185 Thread 0x000001b0f82c4b60  525       4       java.util.Collections$UnmodifiableCollection::iterator (9 bytes)
Event: 2.188 Thread 0x000001b0fd45fde0  529       3       sun.instrument.InstrumentationImpl::transform (73 bytes)
Event: 2.188 Thread 0x000001b0fd45fde0 nmethod 529 0x000001b0e7190010 code [0x000001b0e71901e0, 0x000001b0e7190568]
Event: 2.189 Thread 0x000001b0fd45fde0  530       3       java.lang.instrument.ClassFileTransformer::transform (15 bytes)
Event: 2.189 Thread 0x000001b0fd45fde0 nmethod 530 0x000001b0e7190710 code [0x000001b0e71908c0, 0x000001b0e7190a48]
Event: 2.189 Thread 0x000001b0fd45fde0  531       3       lombok.eclipse.agent.EclipsePatcher$1::shouldTransform (107 bytes)
Event: 2.190 Thread 0x000001b0fd45fde0 nmethod 531 0x000001b0e7190b90 code [0x000001b0e7190e80, 0x000001b0e7191d08]
Event: 2.193 Thread 0x000001b0f82c4b60 nmethod 525 0x000001b0eebe0690 code [0x000001b0eebe0860, 0x000001b0eebe0eb8]
Event: 2.193 Thread 0x000001b0f82c4b60  528       4       lombok.patcher.scripts.MethodLevelPatchScript::patch (21 bytes)
Event: 2.194 Thread 0x000001b0fd45fde0  532   !   3       java.lang.String::replace (258 bytes)
Event: 2.196 Thread 0x000001b0fd45fde0 nmethod 532 0x000001b0e7192190 code [0x000001b0e7192660, 0x000001b0e7194908]
Event: 2.197 Thread 0x000001b0fd45fde0  534       3       java.math.BigInteger::destructiveMulAdd (150 bytes)
Event: 2.197 Thread 0x000001b0fd45fde0 nmethod 534 0x000001b0e7195890 code [0x000001b0e7195a40, 0x000001b0e7195d78]
Event: 2.198 Thread 0x000001b0fd45fde0  535       3       java.util.concurrent.ConcurrentHashMap$Node::<init> (14 bytes)
Event: 2.198 Thread 0x000001b0fd45fde0 nmethod 535 0x000001b0e7195f10 code [0x000001b0e71960c0, 0x000001b0e71962d8]
Event: 2.201 Thread 0x000001b0fd45fde0  538       3       java.io.ByteArrayOutputStream::ensureCapacity (32 bytes)
Event: 2.201 Thread 0x000001b0fd45fde0 nmethod 538 0x000001b0e7196410 code [0x000001b0e71965e0, 0x000001b0e7196938]
Event: 2.202 Thread 0x000001b0fd45fde0  539       3       java.math.BigInteger::<init> (404 bytes)

GC Heap History (0 events):
No events

Dll operation events (8 events):
Event: 0.040 Loaded shared library c:\Users\rodri\.vscode\extensions\redhat.java-1.36.0-win32-x64\jre\17.0.13-win32-x86_64\bin\java.dll
Event: 1.566 Loaded shared library c:\Users\rodri\.vscode\extensions\redhat.java-1.36.0-win32-x64\jre\17.0.13-win32-x86_64\bin\zip.dll
Event: 1.573 Loaded shared library C:\Users\rodri\.vscode\extensions\redhat.java-1.36.0-win32-x64\jre\17.0.13-win32-x86_64\bin\instrument.dll
Event: 1.605 Loaded shared library C:\Users\rodri\.vscode\extensions\redhat.java-1.36.0-win32-x64\jre\17.0.13-win32-x86_64\bin\net.dll
Event: 1.615 Loaded shared library C:\Users\rodri\.vscode\extensions\redhat.java-1.36.0-win32-x64\jre\17.0.13-win32-x86_64\bin\nio.dll
Event: 1.640 Loaded shared library C:\Users\rodri\.vscode\extensions\redhat.java-1.36.0-win32-x64\jre\17.0.13-win32-x86_64\bin\zip.dll
Event: 1.680 Loaded shared library C:\Users\rodri\.vscode\extensions\redhat.java-1.36.0-win32-x64\jre\17.0.13-win32-x86_64\bin\jimage.dll
Event: 1.812 Loaded shared library c:\Users\rodri\.vscode\extensions\redhat.java-1.36.0-win32-x64\jre\17.0.13-win32-x86_64\bin\verify.dll

Deoptimization events (20 events):
Event: 2.159 Thread 0x000001b0e4457b90 Uncommon trap: trap_request=0xffffffde fr.pc=0x000001b0eebddbac relative=0x000000000000010c
Event: 2.159 Thread 0x000001b0e4457b90 Uncommon trap: reason=class_check action=maybe_recompile pc=0x000001b0eebddbac method=jdk.internal.misc.Unsafe.allocateUninitializedArray(Ljava/lang/Class;I)Ljava/lang/Object; @ 51 c2
Event: 2.159 Thread 0x000001b0e4457b90 DEOPT PACKING pc=0x000001b0eebddbac sp=0x00000069f7ffc5f0
Event: 2.159 Thread 0x000001b0e4457b90 DEOPT UNPACKING pc=0x000001b0ee669ea3 sp=0x00000069f7ffc578 mode 2
Event: 2.159 Thread 0x000001b0e4457b90 Uncommon trap: trap_request=0xffffffde fr.pc=0x000001b0eebddbac relative=0x000000000000010c
Event: 2.159 Thread 0x000001b0e4457b90 Uncommon trap: reason=class_check action=maybe_recompile pc=0x000001b0eebddbac method=jdk.internal.misc.Unsafe.allocateUninitializedArray(Ljava/lang/Class;I)Ljava/lang/Object; @ 51 c2
Event: 2.159 Thread 0x000001b0e4457b90 DEOPT PACKING pc=0x000001b0eebddbac sp=0x00000069f7ffc5f0
Event: 2.159 Thread 0x000001b0e4457b90 DEOPT UNPACKING pc=0x000001b0ee669ea3 sp=0x00000069f7ffc578 mode 2
Event: 2.159 Thread 0x000001b0e4457b90 Uncommon trap: trap_request=0xffffffde fr.pc=0x000001b0eebddbac relative=0x000000000000010c
Event: 2.159 Thread 0x000001b0e4457b90 Uncommon trap: reason=class_check action=maybe_recompile pc=0x000001b0eebddbac method=jdk.internal.misc.Unsafe.allocateUninitializedArray(Ljava/lang/Class;I)Ljava/lang/Object; @ 51 c2
Event: 2.159 Thread 0x000001b0e4457b90 DEOPT PACKING pc=0x000001b0eebddbac sp=0x00000069f7ffc630
Event: 2.159 Thread 0x000001b0e4457b90 DEOPT UNPACKING pc=0x000001b0ee669ea3 sp=0x00000069f7ffc5b8 mode 2
Event: 2.176 Thread 0x000001b0e4457b90 Uncommon trap: trap_request=0xffffff45 fr.pc=0x000001b0eebc7b40 relative=0x00000000000000c0
Event: 2.176 Thread 0x000001b0e4457b90 Uncommon trap: reason=unstable_if action=reinterpret pc=0x000001b0eebc7b40 method=java.net.URI.match(CJJ)Z @ 45 c2
Event: 2.176 Thread 0x000001b0e4457b90 DEOPT PACKING pc=0x000001b0eebc7b40 sp=0x00000069f7ffcd30
Event: 2.176 Thread 0x000001b0e4457b90 DEOPT UNPACKING pc=0x000001b0ee669ea3 sp=0x00000069f7ffccb8 mode 2
Event: 2.192 Thread 0x000001b0e4457b90 Uncommon trap: trap_request=0xffffff45 fr.pc=0x000001b0eebdccbc relative=0x00000000000005bc
Event: 2.192 Thread 0x000001b0e4457b90 Uncommon trap: reason=unstable_if action=reinterpret pc=0x000001b0eebdccbc method=java.lang.String.replace(Ljava/lang/CharSequence;Ljava/lang/CharSequence;)Ljava/lang/String; @ 48 c2
Event: 2.192 Thread 0x000001b0e4457b90 DEOPT PACKING pc=0x000001b0eebdccbc sp=0x00000069f7ffcce0
Event: 2.192 Thread 0x000001b0e4457b90 DEOPT UNPACKING pc=0x000001b0ee669ea3 sp=0x00000069f7ffcc50 mode 2

Classes loaded (20 events):
Event: 2.190 Loading class java/util/TreeMap$PrivateEntryIterator done
Event: 2.190 Loading class java/util/TreeMap$KeyIterator done
Event: 2.191 Loading class sun/security/util/DisabledAlgorithmConstraints$Constraints
Event: 2.192 Loading class sun/security/util/DisabledAlgorithmConstraints$Constraints done
Event: 2.192 Loading class sun/security/util/CurveDB
Event: 2.193 Loading class sun/security/util/CurveDB done
Event: 2.193 Loading class java/security/spec/ECFieldFp
Event: 2.194 Loading class java/security/spec/ECField
Event: 2.195 Loading class java/security/spec/ECField done
Event: 2.195 Loading class java/security/spec/ECFieldFp done
Event: 2.195 Loading class java/security/spec/EllipticCurve
Event: 2.195 Loading class java/security/spec/EllipticCurve done
Event: 2.195 Loading class java/security/spec/ECPoint
Event: 2.195 Loading class java/security/spec/ECPoint done
Event: 2.195 Loading class sun/security/util/NamedCurve
Event: 2.195 Loading class java/security/spec/ECParameterSpec
Event: 2.195 Loading class java/security/spec/ECParameterSpec done
Event: 2.195 Loading class sun/security/util/NamedCurve done
Event: 2.200 Loading class java/security/spec/ECFieldF2m
Event: 2.201 Loading class java/security/spec/ECFieldF2m done

Classes unloaded (0 events):
No events

Classes redefined (0 events):
No events

Internal exceptions (2 events):
Event: 1.523 Thread 0x000001b0e4457b90 Exception <a 'java/lang/NoSuchMethodError'{0x00000000eacb4e50}: 'void java.lang.invoke.DirectMethodHandle$Holder.invokeStatic(java.lang.Object, java.lang.Object, java.lang.Object)'> (0x00000000eacb4e50) 
thrown [s\src\hotspot\share\interpreter\linkResolver.cpp, line 759]
Event: 1.899 Thread 0x000001b0e4457b90 Exception <a 'java/lang/reflect/InvocationTargetException'{0x00000000eafe7a80}> (0x00000000eafe7a80) 
thrown [s\src\hotspot\share\runtime\reflection.cpp, line 1128]

VM Operations (6 events):
Event: 1.538 Executing VM operation: HandshakeAllThreads
Event: 1.538 Executing VM operation: HandshakeAllThreads done
Event: 1.538 Executing VM operation: Cleanup
Event: 1.538 Executing VM operation: Cleanup done
Event: 1.703 Executing VM operation: HandshakeAllThreads
Event: 1.703 Executing VM operation: HandshakeAllThreads done

Memory protections (0 events):
No events

Nmethod flushes (0 events):
No events

Events (12 events):
Event: 0.109 Thread 0x000001b0e4457b90 Thread added: 0x000001b0e4457b90
Event: 0.132 Thread 0x000001b0e4457b90 Thread added: 0x000001b0f8292030
Event: 0.132 Thread 0x000001b0e4457b90 Thread added: 0x000001b0f8293b90
Event: 1.397 Thread 0x000001b0e4457b90 Thread added: 0x000001b0f82c0330
Event: 1.397 Thread 0x000001b0e4457b90 Thread added: 0x000001b0f82c0c00
Event: 1.397 Thread 0x000001b0e4457b90 Thread added: 0x000001b0f82c35e0
Event: 1.397 Thread 0x000001b0e4457b90 Thread added: 0x000001b0f82c3eb0
Event: 1.398 Thread 0x000001b0e4457b90 Thread added: 0x000001b0f82c4b60
Event: 1.400 Thread 0x000001b0e4457b90 Thread added: 0x000001b0fd45fde0
Event: 1.402 Thread 0x000001b0e4457b90 Thread added: 0x000001b0fd4a1e80
Event: 1.505 Thread 0x000001b0e4457b90 Thread added: 0x000001b0fd5330c0
Event: 2.029 Thread 0x000001b0e4457b90 Thread added: 0x000001b0fd793520


Dynamic libraries:
0x00007ff617550000 - 0x00007ff61755e000 	c:\Users\rodri\.vscode\extensions\redhat.java-1.36.0-win32-x64\jre\17.0.13-win32-x86_64\bin\java.exe
0x00007fffe4b50000 - 0x00007fffe4d67000 	C:\WINDOWS\SYSTEM32\ntdll.dll
0x00007fffe4480000 - 0x00007fffe4544000 	C:\WINDOWS\System32\KERNEL32.DLL
0x00007fffe21a0000 - 0x00007fffe2559000 	C:\WINDOWS\System32\KERNELBASE.dll
0x00007fffe26d0000 - 0x00007fffe27e1000 	C:\WINDOWS\System32\ucrtbase.dll
0x00007fffd2530000 - 0x00007fffd2547000 	c:\Users\rodri\.vscode\extensions\redhat.java-1.36.0-win32-x64\jre\17.0.13-win32-x86_64\bin\jli.dll
0x00007fffbad20000 - 0x00007fffbad3e000 	c:\Users\rodri\.vscode\extensions\redhat.java-1.36.0-win32-x64\jre\17.0.13-win32-x86_64\bin\VCRUNTIME140.dll
0x00007fffe29e0000 - 0x00007fffe2b8e000 	C:\WINDOWS\System32\USER32.dll
0x00007fffe1f90000 - 0x00007fffe1fb6000 	C:\WINDOWS\System32\win32u.dll
0x00007fffe2eb0000 - 0x00007fffe2ed9000 	C:\WINDOWS\System32\GDI32.dll
0x00007fffe1fc0000 - 0x00007fffe20db000 	C:\WINDOWS\System32\gdi32full.dll
0x00007fffe1ef0000 - 0x00007fffe1f8a000 	C:\WINDOWS\System32\msvcp_win.dll
0x00007fffca960000 - 0x00007fffcabf2000 	C:\WINDOWS\WinSxS\amd64_microsoft.windows.common-controls_6595b64144ccf1df_6.0.22621.4391_none_2715d37f73803e96\COMCTL32.dll
0x00007fffe40b0000 - 0x00007fffe4157000 	C:\WINDOWS\System32\msvcrt.dll
0x00007fffe4550000 - 0x00007fffe4581000 	C:\WINDOWS\System32\IMM32.DLL
0x00007fffd38c0000 - 0x00007fffd38cc000 	c:\Users\rodri\.vscode\extensions\redhat.java-1.36.0-win32-x64\jre\17.0.13-win32-x86_64\bin\vcruntime140_1.dll
0x00007fff64550000 - 0x00007fff645dd000 	c:\Users\rodri\.vscode\extensions\redhat.java-1.36.0-win32-x64\jre\17.0.13-win32-x86_64\bin\msvcp140.dll
0x00007fff555c0000 - 0x00007fff5622b000 	c:\Users\rodri\.vscode\extensions\redhat.java-1.36.0-win32-x64\jre\17.0.13-win32-x86_64\bin\server\jvm.dll
0x00007fffe2870000 - 0x00007fffe2922000 	C:\WINDOWS\System32\ADVAPI32.dll
0x00007fffe42f0000 - 0x00007fffe4397000 	C:\WINDOWS\System32\sechost.dll
0x00007fffe1e50000 - 0x00007fffe1e78000 	C:\WINDOWS\System32\bcrypt.dll
0x00007fffe3f90000 - 0x00007fffe40a4000 	C:\WINDOWS\System32\RPCRT4.dll
0x00007fffe4210000 - 0x00007fffe4281000 	C:\WINDOWS\System32\WS2_32.dll
0x00007fffdb420000 - 0x00007fffdb454000 	C:\WINDOWS\SYSTEM32\WINMM.dll
0x00007fffdb150000 - 0x00007fffdb15a000 	C:\WINDOWS\SYSTEM32\VERSION.dll
0x00007fffe1d20000 - 0x00007fffe1d6d000 	C:\WINDOWS\SYSTEM32\POWRPROF.dll
0x00007fffe1c50000 - 0x00007fffe1c63000 	C:\WINDOWS\SYSTEM32\UMPDC.dll
0x00007fffe0e50000 - 0x00007fffe0e68000 	C:\WINDOWS\SYSTEM32\kernel.appcore.dll
0x00007fffc1d00000 - 0x00007fffc1d0a000 	c:\Users\rodri\.vscode\extensions\redhat.java-1.36.0-win32-x64\jre\17.0.13-win32-x86_64\bin\jimage.dll
0x00007fffdf800000 - 0x00007fffdfa32000 	C:\WINDOWS\SYSTEM32\DBGHELP.DLL
0x00007fffe3370000 - 0x00007fffe36ff000 	C:\WINDOWS\System32\combase.dll
0x00007fffe43a0000 - 0x00007fffe4477000 	C:\WINDOWS\System32\OLEAUT32.dll
0x00007fffc1fa0000 - 0x00007fffc1fd2000 	C:\WINDOWS\SYSTEM32\dbgcore.DLL
0x00007fffe27f0000 - 0x00007fffe286b000 	C:\WINDOWS\System32\bcryptPrimitives.dll
0x00007fffbc690000 - 0x00007fffbc69e000 	c:\Users\rodri\.vscode\extensions\redhat.java-1.36.0-win32-x64\jre\17.0.13-win32-x86_64\bin\instrument.dll
0x00007fff9ccc0000 - 0x00007fff9cce5000 	c:\Users\rodri\.vscode\extensions\redhat.java-1.36.0-win32-x64\jre\17.0.13-win32-x86_64\bin\java.dll
0x00007fffa3fd0000 - 0x00007fffa3fe8000 	c:\Users\rodri\.vscode\extensions\redhat.java-1.36.0-win32-x64\jre\17.0.13-win32-x86_64\bin\zip.dll
0x00007fffe3710000 - 0x00007fffe3f86000 	C:\WINDOWS\System32\SHELL32.dll
0x00007fffdfd40000 - 0x00007fffe0643000 	C:\WINDOWS\SYSTEM32\windows.storage.dll
0x00007fffdfc00000 - 0x00007fffdfd3f000 	C:\WINDOWS\SYSTEM32\wintypes.dll
0x00007fffe4780000 - 0x00007fffe4879000 	C:\WINDOWS\System32\SHCORE.dll
0x00007fffe4590000 - 0x00007fffe45ee000 	C:\WINDOWS\System32\shlwapi.dll
0x00007fffe1d80000 - 0x00007fffe1dab000 	C:\WINDOWS\SYSTEM32\profapi.dll
0x00007fffa3480000 - 0x00007fffa3499000 	C:\Users\rodri\.vscode\extensions\redhat.java-1.36.0-win32-x64\jre\17.0.13-win32-x86_64\bin\net.dll
0x00007fffde460000 - 0x00007fffde596000 	C:\WINDOWS\SYSTEM32\WINHTTP.dll
0x00007fffe12c0000 - 0x00007fffe1329000 	C:\WINDOWS\system32\mswsock.dll
0x00007fffa2410000 - 0x00007fffa2426000 	C:\Users\rodri\.vscode\extensions\redhat.java-1.36.0-win32-x64\jre\17.0.13-win32-x86_64\bin\nio.dll
0x00007fffbbeb0000 - 0x00007fffbbec0000 	c:\Users\rodri\.vscode\extensions\redhat.java-1.36.0-win32-x64\jre\17.0.13-win32-x86_64\bin\verify.dll

dbghelp: loaded successfully - version: 4.0.5 - missing functions: none
symbol engine: initialized successfully - sym options: 0x614 - pdb path: .;c:\Users\rodri\.vscode\extensions\redhat.java-1.36.0-win32-x64\jre\17.0.13-win32-x86_64\bin;C:\WINDOWS\SYSTEM32;C:\WINDOWS\WinSxS\amd64_microsoft.windows.common-controls_6595b64144ccf1df_6.0.22621.4391_none_2715d37f73803e96;c:\Users\rodri\.vscode\extensions\redhat.java-1.36.0-win32-x64\jre\17.0.13-win32-x86_64\bin\server

VM Arguments:
jvm_args: --add-modules=ALL-SYSTEM --add-opens=java.base/java.util=ALL-UNNAMED --add-opens=java.base/java.lang=ALL-UNNAMED --add-opens=java.base/sun.nio.fs=ALL-UNNAMED -Declipse.application=org.eclipse.jdt.ls.core.id1 -Dosgi.bundles.defaultStartLevel=4 -Declipse.product=org.eclipse.jdt.ls.core.product -Djava.import.generatesMetadataFilesAtProjectRoot=false -DDetectVMInstallationsJob.disabled=true -Dfile.encoding=utf8 -XX:+UseParallelGC -XX:GCTimeRatio=4 -XX:AdaptiveSizePolicyWeight=90 -Dsun.zip.disableMemoryMapping=true -Xmx1G -Xms100m -Xlog:disable -javaagent:c:\Users\rodri\.vscode\extensions\redhat.java-1.36.0-win32-x64\lombok\lombok-1.18.35.jar 
java_command: c:\Users\rodri\.vscode\extensions\redhat.java-1.36.0-win32-x64\server\plugins\org.eclipse.equinox.launcher_1.6.900.v20240613-2009.jar -configuration c:\Users\rodri\AppData\Roaming\Code\User\globalStorage\redhat.java\1.36.0\config_ss_win -data c:\Users\rodri\AppData\Roaming\Code\User\workspaceStorage\15bb19ec7aa4bcb7399b3e768695512b\redhat.java\ss_ws --pipe=\\.\pipe\lsp-abfa1200009c867bb5f0d800d17eb241-sock
java_class_path (initial): c:\Users\rodri\.vscode\extensions\redhat.java-1.36.0-win32-x64\server\plugins\org.eclipse.equinox.launcher_1.6.900.v20240613-2009.jar
Launcher Type: SUN_STANDARD

[Global flags]
    uintx AdaptiveSizePolicyWeight                 = 90                                        {product} {command line}
     intx CICompilerCount                          = 3                                         {product} {ergonomic}
    uintx GCTimeRatio                              = 4                                         {product} {command line}
   size_t InitialHeapSize                          = 104857600                                 {product} {command line}
   size_t MaxHeapSize                              = 1073741824                                {product} {command line}
   size_t MaxNewSize                               = 357564416                                 {product} {ergonomic}
   size_t MinHeapDeltaBytes                        = 524288                                    {product} {ergonomic}
   size_t MinHeapSize                              = 104857600                                 {product} {command line}
   size_t NewSize                                  = 34603008                                  {product} {ergonomic}
    uintx NonNMethodCodeHeapSize                   = 5832780                                {pd product} {ergonomic}
    uintx NonProfiledCodeHeapSize                  = 122912730                              {pd product} {ergonomic}
   size_t OldSize                                  = 70254592                                  {product} {ergonomic}
    uintx ProfiledCodeHeapSize                     = 122912730                              {pd product} {ergonomic}
    uintx ReservedCodeCacheSize                    = 251658240                              {pd product} {ergonomic}
     bool SegmentedCodeCache                       = true                                      {product} {ergonomic}
   size_t SoftMaxHeapSize                          = 1073741824                             {manageable} {ergonomic}
     bool UseCompressedClassPointers               = true                           {product lp64_product} {ergonomic}
     bool UseCompressedOops                        = true                           {product lp64_product} {ergonomic}
     bool UseLargePagesIndividualAllocation        = false                                  {pd product} {ergonomic}
     bool UseParallelGC                            = true                                      {product} {command line}

Logging:
Log output configuration:
 #0: stdout all=off uptime,level,tags
 #1: stderr all=off uptime,level,tags

Environment Variables:
JAVA_HOME=C:\Program Files\Java\jdk-21
PATH=C:\Program Files\Common Files\Oracle\Java\javapath;C:\WINDOWS\system32;C:\WINDOWS;C:\WINDOWS\System32\Wbem;C:\WINDOWS\System32\WindowsPowerShell\v1.0\;C:\WINDOWS\System32\OpenSSH\;C:\Program Files\Java\jdk-21\bin;C:\Program Files\nodejs\;C:\Program Files\git\bin;C:\Program Files\Git\cmd;C:\Program Files\Docker\Docker\resources\bin;C:\Program Files\Common Files\Oracle\Java\javapath;C:\WINDOWS\system32;C:\WINDOWS;C:\WINDOWS\System32\Wbem;C:\WINDOWS\System32\WindowsPowerShell\v1.0\;C:\WINDOWS\System32\OpenSSH\;C:\Program Files\Java\jdk-21\bin;C:\Program Files\nodejs\;C:\Program Files\Git\bin;C:\Users\rodri\AppData\Local\Microsoft\WindowsApps;C:\Users\rodri\AppData\Local\Programs\Microsoft VS Code\bin;C:\Users\rodri\AppData\Roaming\npm;C:\Users\rodri\git\bin
USERNAME=rodri
OS=Windows_NT
PROCESSOR_IDENTIFIER=Intel64 Family 6 Model 140 Stepping 2, GenuineIntel
TMP=C:\Users\rodri\AppData\Local\Temp
TEMP=C:\Users\rodri\AppData\Local\Temp



Periodic native trim disabled


---------------  S Y S T E M  ---------------

OS:
 Windows 11 , 64 bit Build 22621 (10.0.22621.4391)
OS uptime: 0 days 3:34 hours
Hyper-V role detected

CPU: total 4 (initial active 4) (2 cores per cpu, 2 threads per core) family 6 model 140 stepping 2 microcode 0x26, cx8, cmov, fxsr, ht, mmx, 3dnowpref, sse, sse2, sse3, ssse3, sse4.1, sse4.2, popcnt, lzcnt, tsc, tscinvbit, avx, avx2, aes, erms, clmul, bmi1, bmi2, adx, avx512f, avx512dq, avx512cd, avx512bw, avx512vl, sha, fma, vzeroupper, avx512_vpopcntdq, avx512_vpclmulqdq, avx512_vaes, avx512_vnni, clflush, clflushopt, clwb, avx512_vbmi2, avx512_vbmi, hv
Processor Information for all 4 processors :
  Max Mhz: 2995, Current Mhz: 2995, Mhz Limit: 2995

Memory: 4k page, system-wide physical 3879M (6M free)
TotalPageFile size 15655M (AvailPageFile size 0M)
current process WorkingSet (physical memory assigned to process): 49M, peak: 49M
current process commit charge ("private bytes"): 179M, peak: 179M

vm_info: OpenJDK 64-Bit Server VM (17.0.13+11) for windows-amd64 JRE (17.0.13+11), built on Oct 16 2024 00:10:08 by "admin" with MS VC++ 17.7 (VS2022)

END.
