#
# There is insufficient memory for the Java Runtime Environment to continue.
# Native memory allocation (malloc) failed to allocate 494224 bytes. Error detail: Chunk::new
# Possible reasons:
#   The system is out of physical RAM or swap space
#   This process is running with CompressedOops enabled, and the Java Heap may be blocking the growth of the native heap
# Possible solutions:
#   Reduce memory load on the system
#   Increase physical memory or swap space
#   Check if swap backing store is full
#   Decrease Java heap size (-Xmx/-Xms)
#   Decrease number of Java threads
#   Decrease Java thread stack sizes (-Xss)
#   Set larger code cache with -XX:ReservedCodeCacheSize=
#   JVM is running with Unscaled Compressed Oops mode in which the Java heap is
#     placed in the first 4GB address space. The Java Heap base address is the
#     maximum limit for the native heap growth. Please use -XX:HeapBaseMinAddress
#     to set the Java Heap base and to place the Java Heap above 4GB virtual address.
# This output file may be truncated or incomplete.
#
#  Out of Memory Error (arena.cpp:191), pid=1500, tid=6148
#
# JRE version: OpenJDK Runtime Environment Temurin-17.0.13+11 (17.0.13+11) (build 17.0.13+11)
# Java VM: OpenJDK 64-Bit Server VM Temurin-17.0.13+11 (17.0.13+11, mixed mode, tiered, compressed oops, compressed class ptrs, parallel gc, windows-amd64)
# No core dump will be written. Minidumps are not enabled by default on client versions of Windows
#

---------------  S U M M A R Y ------------

Command Line: --add-modules=ALL-SYSTEM --add-opens=java.base/java.util=ALL-UNNAMED --add-opens=java.base/java.lang=ALL-UNNAMED --add-opens=java.base/sun.nio.fs=ALL-UNNAMED -Declipse.application=org.eclipse.jdt.ls.core.id1 -Dosgi.bundles.defaultStartLevel=4 -Declipse.product=org.eclipse.jdt.ls.core.product -Djava.import.generatesMetadataFilesAtProjectRoot=false -DDetectVMInstallationsJob.disabled=true -Dfile.encoding=utf8 -XX:+UseParallelGC -XX:GCTimeRatio=4 -XX:AdaptiveSizePolicyWeight=90 -Dsun.zip.disableMemoryMapping=true -Xmx1G -Xms100m -Xlog:disable -javaagent:c:\Users\rodri\.vscode\extensions\redhat.java-1.36.0-win32-x64\lombok\lombok-1.18.35.jar -XX:+HeapDumpOnOutOfMemoryError -XX:HeapDumpPath=c:\Users\rodri\AppData\Roaming\Code\User\workspaceStorage\15bb19ec7aa4bcb7399b3e768695512b\redhat.java -Daether.dependencyCollector.impl=bf c:\Users\rodri\.vscode\extensions\redhat.java-1.36.0-win32-x64\server\plugins\org.eclipse.equinox.launcher_1.6.900.v20240613-2009.jar -configuration c:\Users\rodri\AppData\Roaming\Code\User\globalStorage\redhat.java\1.36.0\config_win -data c:\Users\rodri\AppData\Roaming\Code\User\workspaceStorage\15bb19ec7aa4bcb7399b3e768695512b\redhat.java\jdt_ws --pipe=\\.\pipe\lsp-bbe9ed8bb8fa9b98db7ff3c88afbe47d-sock

Host: 11th Gen Intel(R) Core(TM) i3-1115G4 @ 3.00GHz, 4 cores, 3G,  Windows 11 , 64 bit Build 22621 (10.0.22621.4391)
Time: Sun Nov 10 11:10:00 2024 Hora oficial do Brasil elapsed time: 13.035449 seconds (0d 0h 0m 13s)

---------------  T H R E A D  ---------------

Current thread (0x0000026579c6d390):  JavaThread "C2 CompilerThread0" daemon [_thread_in_native, id=6148, stack(0x0000009d19a00000,0x0000009d19b00000)]


Current CompileTask:
C2:  13035 4748 %     4       java.util.Properties::loadConvert @ 8 (540 bytes)

Stack: [0x0000009d19a00000,0x0000009d19b00000]
Native frames: (J=compiled Java code, j=interpreted, Vv=VM code, C=native code)
V  [jvm.dll+0x682a19]
V  [jvm.dll+0x839538]
V  [jvm.dll+0x83afe3]
V  [jvm.dll+0x83b653]
V  [jvm.dll+0x24704f]
V  [jvm.dll+0xace34]
V  [jvm.dll+0xad4cc]
V  [jvm.dll+0x36597e]
V  [jvm.dll+0x32fbd8]
V  [jvm.dll+0x32f05a]
V  [jvm.dll+0x21804f]
V  [jvm.dll+0x21748f]
V  [jvm.dll+0x1a3070]
V  [jvm.dll+0x22788c]
V  [jvm.dll+0x2259eb]
V  [jvm.dll+0x7eec98]
V  [jvm.dll+0x7e8ffc]
V  [jvm.dll+0x6818f7]
C  [ucrtbase.dll+0x29333]
C  [KERNEL32.DLL+0x1259d]
C  [ntdll.dll+0x5af38]


---------------  P R O C E S S  ---------------

Threads class SMR info:
_java_thread_list=0x000002650fbb35c0, length=26, elements={
0x0000026574df4e20, 0x0000026579c2d1c0, 0x0000026579c2fe30, 0x0000026579c66a50,
0x0000026579c67320, 0x0000026579c67df0, 0x0000026579c6a6d0, 0x0000026579c6d390,
0x0000026579c7d2d0, 0x0000026579c7d7f0, 0x000002657eec9ca0, 0x000002657f1203e0,
0x000002657f6c64f0, 0x000002657f949130, 0x000002657f9a5a60, 0x000002657f98d3c0,
0x000002657f81f620, 0x000002657f39c550, 0x000002657f39bb30, 0x000002657f39c040,
0x000002657f27d540, 0x000002657f27acc0, 0x000002657f279d90, 0x000002657f27d030,
0x000002657f27c100, 0x000002657f27c610
}

Java Threads: ( => current thread )
  0x0000026574df4e20 JavaThread "main" [_thread_blocked, id=28348, stack(0x0000009d19000000,0x0000009d19100000)]
  0x0000026579c2d1c0 JavaThread "Reference Handler" daemon [_thread_blocked, id=2972, stack(0x0000009d19300000,0x0000009d19400000)]
  0x0000026579c2fe30 JavaThread "Finalizer" daemon [_thread_blocked, id=640, stack(0x0000009d19400000,0x0000009d19500000)]
  0x0000026579c66a50 JavaThread "Signal Dispatcher" daemon [_thread_blocked, id=29312, stack(0x0000009d19600000,0x0000009d19700000)]
  0x0000026579c67320 JavaThread "Attach Listener" daemon [_thread_blocked, id=28412, stack(0x0000009d19700000,0x0000009d19800000)]
  0x0000026579c67df0 JavaThread "Service Thread" daemon [_thread_blocked, id=26856, stack(0x0000009d19800000,0x0000009d19900000)]
  0x0000026579c6a6d0 JavaThread "Monitor Deflation Thread" daemon [_thread_blocked, id=29072, stack(0x0000009d19900000,0x0000009d19a00000)]
=>0x0000026579c6d390 JavaThread "C2 CompilerThread0" daemon [_thread_in_native, id=6148, stack(0x0000009d19a00000,0x0000009d19b00000)]
  0x0000026579c7d2d0 JavaThread "C1 CompilerThread0" daemon [_thread_blocked, id=28852, stack(0x0000009d19b00000,0x0000009d19c00000)]
  0x0000026579c7d7f0 JavaThread "Sweeper thread" daemon [_thread_blocked, id=21944, stack(0x0000009d19c00000,0x0000009d19d00000)]
  0x000002657eec9ca0 JavaThread "Common-Cleaner" daemon [_thread_blocked, id=4308, stack(0x0000009d19d00000,0x0000009d19e00000)]
  0x000002657f1203e0 JavaThread "Notification Thread" daemon [_thread_blocked, id=27740, stack(0x0000009d19e00000,0x0000009d19f00000)]
  0x000002657f6c64f0 JavaThread "Active Thread: Equinox Container: 368c595a-0d0e-4579-8520-aaae66b5748c" [_thread_blocked, id=30516, stack(0x0000009d1a300000,0x0000009d1a400000)]
  0x000002657f949130 JavaThread "Refresh Thread: Equinox Container: 368c595a-0d0e-4579-8520-aaae66b5748c" daemon [_thread_blocked, id=29816, stack(0x0000009d1a400000,0x0000009d1a500000)]
  0x000002657f9a5a60 JavaThread "Framework Event Dispatcher: Equinox Container: 368c595a-0d0e-4579-8520-aaae66b5748c" daemon [_thread_blocked, id=20572, stack(0x0000009d1a500000,0x0000009d1a600000)]
  0x000002657f98d3c0 JavaThread "Start Level: Equinox Container: 368c595a-0d0e-4579-8520-aaae66b5748c" daemon [_thread_blocked, id=28720, stack(0x0000009d1a600000,0x0000009d1a700000)]
  0x000002657f81f620 JavaThread "Bundle File Closer" daemon [_thread_blocked, id=22968, stack(0x0000009d1a700000,0x0000009d1a800000)]
  0x000002657f39c550 JavaThread "SCR Component Actor" daemon [_thread_blocked, id=20588, stack(0x0000009d1a800000,0x0000009d1a900000)]
  0x000002657f39bb30 JavaThread "SCR Component Registry" daemon [_thread_blocked, id=21516, stack(0x0000009d1a900000,0x0000009d1aa00000)]
  0x000002657f39c040 JavaThread "Worker-JM" [_thread_blocked, id=5876, stack(0x0000009d1aa00000,0x0000009d1ab00000)]
  0x000002657f27d540 JavaThread "JNA Cleaner" daemon [_thread_blocked, id=30052, stack(0x0000009d1ab00000,0x0000009d1ac00000)]
  0x000002657f27acc0 JavaThread "Worker-0: Processing Java changes since last activation" [_thread_blocked, id=13020, stack(0x0000009d1ac00000,0x0000009d1ad00000)]
  0x000002657f279d90 JavaThread "Worker-1: Repository registry initialization" [_thread_blocked, id=29688, stack(0x0000009d1ad00000,0x0000009d1ae00000)]
  0x000002657f27d030 JavaThread "Worker-2: Building" [_thread_blocked, id=22592, stack(0x0000009d1ae00000,0x0000009d1af00000)]
  0x000002657f27c100 JavaThread "Java indexing" daemon [_thread_new, id=28868, stack(0x0000000000000000,0x0000000000000000)]
  0x000002657f27c610 JavaThread "Worker-3" [_thread_blocked, id=29904, stack(0x0000009d1b000000,0x0000009d1b100000)]

Other Threads:
  0x0000026579c1e160 VMThread "VM Thread" [stack: 0x0000009d19200000,0x0000009d19300000] [id=29668] _threads_hazard_ptr=0x000002650fbb35c0
  0x000002657f1208c0 WatcherThread [stack: 0x0000009d19f00000,0x0000009d1a000000] [id=21800]
  0x0000026574e0b9a0 GCTaskThread "GC Thread#0" [stack: 0x0000009d19100000,0x0000009d19200000] [id=30444]
  0x000002657f32d0d0 GCTaskThread "GC Thread#1" [stack: 0x0000009d1a000000,0x0000009d1a100000] [id=23448]
  0x000002657f64b3e0 GCTaskThread "GC Thread#2" [stack: 0x0000009d1a100000,0x0000009d1a200000] [id=10272]
  0x000002657f64b6a0 GCTaskThread "GC Thread#3" [stack: 0x0000009d1a200000,0x0000009d1a300000] [id=25504]

Threads with active compile tasks:
C2 CompilerThread0    13105 4748 %     4       java.util.Properties::loadConvert @ 8 (540 bytes)

VM state: not at safepoint (normal execution)

VM Mutex/Monitor currently owned by a thread:  ([mutex/lock_event])
[0x0000026574df09a0] Compile_lock - owner thread: 0x000002657f98d3c0

Heap address: 0x00000000c0000000, size: 1024 MB, Compressed Oops mode: 32-bit

CDS archive(s) not mapped
Compressed class space mapped at: 0x0000000100000000-0x0000000140000000, reserved size: 1073741824
Narrow klass base: 0x0000000000000000, Narrow klass shift: 3, Narrow klass range: 0x140000000

GC Precious Log:
 CPUs: 4 total, 4 available
 Memory: 3879M
 Large Page Support: Disabled
 NUMA Support: Disabled
 Compressed Oops: Enabled (32-bit)
 Alignments: Space 512K, Generation 512K, Heap 2M
 Heap Min Capacity: 100M
 Heap Initial Capacity: 100M
 Heap Max Capacity: 1G
 Pre-touch: Disabled
 Parallel Workers: 4

Heap:
 PSYoungGen      total 23040K, used 17672K [0x00000000eab00000, 0x00000000ec500000, 0x0000000100000000)
  eden space 22016K, 77% used [0x00000000eab00000,0x00000000ebbb2228,0x00000000ec080000)
  from space 1024K, 56% used [0x00000000ec400000,0x00000000ec490000,0x00000000ec500000)
  to   space 1536K, 0% used [0x00000000ec200000,0x00000000ec200000,0x00000000ec380000)
 ParOldGen       total 68608K, used 16019K [0x00000000c0000000, 0x00000000c4300000, 0x00000000eab00000)
  object space 68608K, 23% used [0x00000000c0000000,0x00000000c0fa4e40,0x00000000c4300000)
 Metaspace       used 40094K, committed 41024K, reserved 1114112K
  class space    used 4076K, committed 4480K, reserved 1048576K

Card table byte_map: [0x00000265747b0000,0x00000265749c0000] _byte_map_base: 0x00000265741b0000

Marking Bits: (ParMarkBitMap*) 0x00007fff56166940
 Begin Bits: [0x0000026577a80000, 0x0000026578a80000)
 End Bits:   [0x0000026578a80000, 0x0000026579a80000)

Polling page: 0x00000265745a0000

Metaspace:

Usage:
  Non-class:     35.17 MB used.
      Class:      3.98 MB used.
       Both:     39.15 MB used.

Virtual space:
  Non-class space:       64.00 MB reserved,      35.69 MB ( 56%) committed,  1 nodes.
      Class space:        1.00 GB reserved,       4.38 MB ( <1%) committed,  1 nodes.
             Both:        1.06 GB reserved,      40.06 MB (  4%) committed. 

Chunk freelists:
   Non-Class:  12.12 MB
       Class:  11.48 MB
        Both:  23.60 MB

MaxMetaspaceSize: unlimited
CompressedClassSpaceSize: 1.00 GB
Initial GC threshold: 21.00 MB
Current GC threshold: 58.38 MB
CDS: off
MetaspaceReclaimPolicy: balanced
 - commit_granule_bytes: 65536.
 - commit_granule_words: 8192.
 - virtual_space_node_default_size: 8388608.
 - enlarge_chunks_in_place: 1.
 - new_chunks_are_fully_committed: 0.
 - uncommit_free_chunks: 1.
 - use_allocation_guard: 0.
 - handle_deallocations: 1.


Internal statistics:

num_allocs_failed_limit: 8.
num_arena_births: 622.
num_arena_deaths: 14.
num_vsnodes_births: 2.
num_vsnodes_deaths: 0.
num_space_committed: 641.
num_space_uncommitted: 0.
num_chunks_returned_to_freelist: 22.
num_chunks_taken_from_freelist: 2014.
num_chunk_merges: 14.
num_chunk_splits: 1260.
num_chunks_enlarged: 746.
num_inconsistent_stats: 0.

CodeHeap 'non-profiled nmethods': size=120000Kb used=2422Kb max_used=2422Kb free=117577Kb
 bounds [0x0000026507ad0000, 0x0000026507d40000, 0x000002650f000000]
CodeHeap 'profiled nmethods': size=120000Kb used=10357Kb max_used=10357Kb free=109642Kb
 bounds [0x0000026500000000, 0x0000026500a20000, 0x0000026507530000]
CodeHeap 'non-nmethods': size=5760Kb used=1275Kb max_used=1304Kb free=4484Kb
 bounds [0x0000026507530000, 0x00000265077a0000, 0x0000026507ad0000]
 total_blobs=5334 nmethods=4746 adapters=501
 compilation: enabled
              stopped_count=0, restarted_count=0
 full_count=0

Compilation events (20 events):
Event: 12.973 Thread 0x0000026579c7d2d0 4738       3       java.util.Collections$SingletonMap::<init> (15 bytes)
Event: 12.973 Thread 0x0000026579c7d2d0 nmethod 4738 0x0000026500a0c810 code [0x0000026500a0c9c0, 0x0000026500a0cbb8]
Event: 12.973 Thread 0x0000026579c7d2d0 4739       1       org.osgi.framework.Version::getMajor (5 bytes)
Event: 12.974 Thread 0x0000026579c7d2d0 nmethod 4739 0x0000026507d2c610 code [0x0000026507d2c7a0, 0x0000026507d2c878]
Event: 12.974 Thread 0x0000026579c7d2d0 4740   !   3       jdk.internal.math.FloatingDecimal::readJavaFormatString (827 bytes)
Event: 12.981 Thread 0x0000026579c7d2d0 nmethod 4740 0x0000026500a0cc90 code [0x0000026500a0d5e0, 0x0000026500a134e8]
Event: 12.981 Thread 0x0000026579c7d2d0 4742       3       org.osgi.framework.Version::validate (288 bytes)
Event: 12.983 Thread 0x0000026579c7d2d0 nmethod 4742 0x0000026500a16590 code [0x0000026500a16ae0, 0x0000026500a18b58]
Event: 12.983 Thread 0x0000026579c7d2d0 4741       3       java.util.TreeMap::getEntry (77 bytes)
Event: 12.984 Thread 0x0000026579c7d2d0 nmethod 4741 0x0000026500a19610 code [0x0000026500a19820, 0x0000026500a19e68]
Event: 12.984 Thread 0x0000026579c7d2d0 4743       3       org.eclipse.jdt.internal.compiler.impl.CompilerOptions::versionToJdkLevel (6 bytes)
Event: 12.984 Thread 0x0000026579c7d2d0 nmethod 4743 0x0000026500a1a090 code [0x0000026500a1a220, 0x0000026500a1a348]
Event: 12.984 Thread 0x0000026579c7d2d0 4744   !   3       org.eclipse.jdt.internal.compiler.impl.CompilerOptions::versionToJdkLevel (236 bytes)
Event: 12.986 Thread 0x0000026579c7d2d0 nmethod 4744 0x0000026500a1a410 code [0x0000026500a1a840, 0x0000026500a1c448]
Event: 12.986 Thread 0x0000026579c7d2d0 4745       3       org.eclipse.jdt.internal.launching.environments.ExecutionEnvironment::getId (12 bytes)
Event: 12.986 Thread 0x0000026579c7d2d0 nmethod 4745 0x0000026500a1cd90 code [0x0000026500a1cf60, 0x0000026500a1d558]
Event: 12.986 Thread 0x0000026579c7d2d0 4746       1       org.osgi.framework.Version::getMinor (5 bytes)
Event: 12.986 Thread 0x0000026579c7d2d0 nmethod 4746 0x0000026507d2c910 code [0x0000026507d2caa0, 0x0000026507d2cb78]
Event: 12.992 Thread 0x0000026579c6d390 nmethod 4733 0x0000026507d2cc10 code [0x0000026507d2cde0, 0x0000026507d2d4b0]
Event: 12.992 Thread 0x0000026579c6d390 4748 %     4       java.util.Properties::loadConvert @ 8 (540 bytes)

GC Heap History (20 events):
Event: 3.818 GC heap before
{Heap before GC invocations=5 (full 0):
 PSYoungGen      total 29696K, used 14344K [0x00000000eab00000, 0x00000000ecc00000, 0x0000000100000000)
  eden space 25600K, 40% used [0x00000000eab00000,0x00000000eb503710,0x00000000ec400000)
  from space 4096K, 99% used [0x00000000ec800000,0x00000000ecbfe908,0x00000000ecc00000)
  to   space 4096K, 0% used [0x00000000ec400000,0x00000000ec400000,0x00000000ec800000)
 ParOldGen       total 68608K, used 6793K [0x00000000c0000000, 0x00000000c4300000, 0x00000000eab00000)
  object space 68608K, 9% used [0x00000000c0000000,0x00000000c06a2658,0x00000000c4300000)
 Metaspace       used 21104K, committed 21504K, reserved 1114112K
  class space    used 2120K, committed 2304K, reserved 1048576K
}
Event: 3.821 GC heap after
{Heap after GC invocations=5 (full 0):
 PSYoungGen      total 29696K, used 4092K [0x00000000eab00000, 0x00000000ece00000, 0x0000000100000000)
  eden space 25600K, 0% used [0x00000000eab00000,0x00000000eab00000,0x00000000ec400000)
  from space 4096K, 99% used [0x00000000ec400000,0x00000000ec7ff1b8,0x00000000ec800000)
  to   space 5120K, 0% used [0x00000000ec900000,0x00000000ec900000,0x00000000ece00000)
 ParOldGen       total 68608K, used 7288K [0x00000000c0000000, 0x00000000c4300000, 0x00000000eab00000)
  object space 68608K, 10% used [0x00000000c0000000,0x00000000c071e0b8,0x00000000c4300000)
 Metaspace       used 21104K, committed 21504K, reserved 1114112K
  class space    used 2120K, committed 2304K, reserved 1048576K
}
Event: 3.821 GC heap before
{Heap before GC invocations=6 (full 1):
 PSYoungGen      total 29696K, used 4092K [0x00000000eab00000, 0x00000000ece00000, 0x0000000100000000)
  eden space 25600K, 0% used [0x00000000eab00000,0x00000000eab00000,0x00000000ec400000)
  from space 4096K, 99% used [0x00000000ec400000,0x00000000ec7ff1b8,0x00000000ec800000)
  to   space 5120K, 0% used [0x00000000ec900000,0x00000000ec900000,0x00000000ece00000)
 ParOldGen       total 68608K, used 7288K [0x00000000c0000000, 0x00000000c4300000, 0x00000000eab00000)
  object space 68608K, 10% used [0x00000000c0000000,0x00000000c071e0b8,0x00000000c4300000)
 Metaspace       used 21104K, committed 21504K, reserved 1114112K
  class space    used 2120K, committed 2304K, reserved 1048576K
}
Event: 3.846 GC heap after
{Heap after GC invocations=6 (full 1):
 PSYoungGen      total 29696K, used 0K [0x00000000eab00000, 0x00000000ece00000, 0x0000000100000000)
  eden space 25600K, 0% used [0x00000000eab00000,0x00000000eab00000,0x00000000ec400000)
  from space 4096K, 0% used [0x00000000ec400000,0x00000000ec400000,0x00000000ec800000)
  to   space 5120K, 0% used [0x00000000ec900000,0x00000000ec900000,0x00000000ece00000)
 ParOldGen       total 68608K, used 10693K [0x00000000c0000000, 0x00000000c4300000, 0x00000000eab00000)
  object space 68608K, 15% used [0x00000000c0000000,0x00000000c0a717b0,0x00000000c4300000)
 Metaspace       used 21104K, committed 21504K, reserved 1114112K
  class space    used 2120K, committed 2304K, reserved 1048576K
}
Event: 7.161 GC heap before
{Heap before GC invocations=7 (full 1):
 PSYoungGen      total 29696K, used 25600K [0x00000000eab00000, 0x00000000ece00000, 0x0000000100000000)
  eden space 25600K, 100% used [0x00000000eab00000,0x00000000ec400000,0x00000000ec400000)
  from space 4096K, 0% used [0x00000000ec400000,0x00000000ec400000,0x00000000ec800000)
  to   space 5120K, 0% used [0x00000000ec900000,0x00000000ec900000,0x00000000ece00000)
 ParOldGen       total 68608K, used 10693K [0x00000000c0000000, 0x00000000c4300000, 0x00000000eab00000)
  object space 68608K, 15% used [0x00000000c0000000,0x00000000c0a717b0,0x00000000c4300000)
 Metaspace       used 25008K, committed 25600K, reserved 1114112K
  class space    used 2533K, committed 2752K, reserved 1048576K
}
Event: 7.167 GC heap after
{Heap after GC invocations=7 (full 1):
 PSYoungGen      total 26624K, used 1475K [0x00000000eab00000, 0x00000000eca80000, 0x0000000100000000)
  eden space 25088K, 0% used [0x00000000eab00000,0x00000000eab00000,0x00000000ec380000)
  from space 1536K, 96% used [0x00000000ec900000,0x00000000eca70e70,0x00000000eca80000)
  to   space 3072K, 0% used [0x00000000ec480000,0x00000000ec480000,0x00000000ec780000)
 ParOldGen       total 68608K, used 10701K [0x00000000c0000000, 0x00000000c4300000, 0x00000000eab00000)
  object space 68608K, 15% used [0x00000000c0000000,0x00000000c0a737b0,0x00000000c4300000)
 Metaspace       used 25008K, committed 25600K, reserved 1114112K
  class space    used 2533K, committed 2752K, reserved 1048576K
}
Event: 7.723 GC heap before
{Heap before GC invocations=8 (full 1):
 PSYoungGen      total 26624K, used 26563K [0x00000000eab00000, 0x00000000eca80000, 0x0000000100000000)
  eden space 25088K, 100% used [0x00000000eab00000,0x00000000ec380000,0x00000000ec380000)
  from space 1536K, 96% used [0x00000000ec900000,0x00000000eca70e70,0x00000000eca80000)
  to   space 3072K, 0% used [0x00000000ec480000,0x00000000ec480000,0x00000000ec780000)
 ParOldGen       total 68608K, used 10701K [0x00000000c0000000, 0x00000000c4300000, 0x00000000eab00000)
  object space 68608K, 15% used [0x00000000c0000000,0x00000000c0a737b0,0x00000000c4300000)
 Metaspace       used 27529K, committed 28224K, reserved 1114112K
  class space    used 2830K, committed 3136K, reserved 1048576K
}
Event: 7.728 GC heap after
{Heap after GC invocations=8 (full 1):
 PSYoungGen      total 27648K, used 2870K [0x00000000eab00000, 0x00000000eca00000, 0x0000000100000000)
  eden space 24576K, 0% used [0x00000000eab00000,0x00000000eab00000,0x00000000ec300000)
  from space 3072K, 93% used [0x00000000ec480000,0x00000000ec74db40,0x00000000ec780000)
  to   space 2560K, 0% used [0x00000000ec780000,0x00000000ec780000,0x00000000eca00000)
 ParOldGen       total 68608K, used 10709K [0x00000000c0000000, 0x00000000c4300000, 0x00000000eab00000)
  object space 68608K, 15% used [0x00000000c0000000,0x00000000c0a757b0,0x00000000c4300000)
 Metaspace       used 27529K, committed 28224K, reserved 1114112K
  class space    used 2830K, committed 3136K, reserved 1048576K
}
Event: 9.234 GC heap before
{Heap before GC invocations=9 (full 1):
 PSYoungGen      total 27648K, used 27446K [0x00000000eab00000, 0x00000000eca00000, 0x0000000100000000)
  eden space 24576K, 100% used [0x00000000eab00000,0x00000000ec300000,0x00000000ec300000)
  from space 3072K, 93% used [0x00000000ec480000,0x00000000ec74db40,0x00000000ec780000)
  to   space 2560K, 0% used [0x00000000ec780000,0x00000000ec780000,0x00000000eca00000)
 ParOldGen       total 68608K, used 10709K [0x00000000c0000000, 0x00000000c4300000, 0x00000000eab00000)
  object space 68608K, 15% used [0x00000000c0000000,0x00000000c0a757b0,0x00000000c4300000)
 Metaspace       used 29577K, committed 30336K, reserved 1114112K
  class space    used 3029K, committed 3392K, reserved 1048576K
}
Event: 9.240 GC heap after
{Heap after GC invocations=9 (full 1):
 PSYoungGen      total 25600K, used 2538K [0x00000000eab00000, 0x00000000ece80000, 0x0000000100000000)
  eden space 23040K, 0% used [0x00000000eab00000,0x00000000eab00000,0x00000000ec180000)
  from space 2560K, 99% used [0x00000000ec780000,0x00000000ec9fa898,0x00000000eca00000)
  to   space 6144K, 0% used [0x00000000ec180000,0x00000000ec180000,0x00000000ec780000)
 ParOldGen       total 68608K, used 13691K [0x00000000c0000000, 0x00000000c4300000, 0x00000000eab00000)
  object space 68608K, 19% used [0x00000000c0000000,0x00000000c0d5efc8,0x00000000c4300000)
 Metaspace       used 29577K, committed 30336K, reserved 1114112K
  class space    used 3029K, committed 3392K, reserved 1048576K
}
Event: 10.308 GC heap before
{Heap before GC invocations=10 (full 1):
 PSYoungGen      total 25600K, used 25576K [0x00000000eab00000, 0x00000000ece80000, 0x0000000100000000)
  eden space 23040K, 99% used [0x00000000eab00000,0x00000000ec17f8d8,0x00000000ec180000)
  from space 2560K, 99% used [0x00000000ec780000,0x00000000ec9fa898,0x00000000eca00000)
  to   space 6144K, 0% used [0x00000000ec180000,0x00000000ec180000,0x00000000ec780000)
 ParOldGen       total 68608K, used 13691K [0x00000000c0000000, 0x00000000c4300000, 0x00000000eab00000)
  object space 68608K, 19% used [0x00000000c0000000,0x00000000c0d5efc8,0x00000000c4300000)
 Metaspace       used 33051K, committed 33920K, reserved 1114112K
  class space    used 3324K, committed 3712K, reserved 1048576K
}
Event: 10.313 GC heap after
{Heap after GC invocations=10 (full 1):
 PSYoungGen      total 25088K, used 2121K [0x00000000eab00000, 0x00000000ec800000, 0x0000000100000000)
  eden space 22528K, 0% used [0x00000000eab00000,0x00000000eab00000,0x00000000ec100000)
  from space 2560K, 82% used [0x00000000ec180000,0x00000000ec3926d8,0x00000000ec400000)
  to   space 3584K, 0% used [0x00000000ec480000,0x00000000ec480000,0x00000000ec800000)
 ParOldGen       total 68608K, used 14531K [0x00000000c0000000, 0x00000000c4300000, 0x00000000eab00000)
  object space 68608K, 21% used [0x00000000c0000000,0x00000000c0e30cf8,0x00000000c4300000)
 Metaspace       used 33051K, committed 33920K, reserved 1114112K
  class space    used 3324K, committed 3712K, reserved 1048576K
}
Event: 10.675 GC heap before
{Heap before GC invocations=11 (full 1):
 PSYoungGen      total 25088K, used 19102K [0x00000000eab00000, 0x00000000ec800000, 0x0000000100000000)
  eden space 22528K, 75% used [0x00000000eab00000,0x00000000ebb953b8,0x00000000ec100000)
  from space 2560K, 82% used [0x00000000ec180000,0x00000000ec3926d8,0x00000000ec400000)
  to   space 3584K, 0% used [0x00000000ec480000,0x00000000ec480000,0x00000000ec800000)
 ParOldGen       total 68608K, used 14531K [0x00000000c0000000, 0x00000000c4300000, 0x00000000eab00000)
  object space 68608K, 21% used [0x00000000c0000000,0x00000000c0e30cf8,0x00000000c4300000)
 Metaspace       used 35057K, committed 35840K, reserved 1114112K
  class space    used 3570K, committed 3904K, reserved 1048576K
}
Event: 10.679 GC heap after
{Heap after GC invocations=11 (full 1):
 PSYoungGen      total 24064K, used 1074K [0x00000000eab00000, 0x00000000ec600000, 0x0000000100000000)
  eden space 22528K, 0% used [0x00000000eab00000,0x00000000eab00000,0x00000000ec100000)
  from space 1536K, 69% used [0x00000000ec480000,0x00000000ec58caa0,0x00000000ec600000)
  to   space 2048K, 0% used [0x00000000ec200000,0x00000000ec200000,0x00000000ec400000)
 ParOldGen       total 68608K, used 16230K [0x00000000c0000000, 0x00000000c4300000, 0x00000000eab00000)
  object space 68608K, 23% used [0x00000000c0000000,0x00000000c0fd9a08,0x00000000c4300000)
 Metaspace       used 35057K, committed 35840K, reserved 1114112K
  class space    used 3570K, committed 3904K, reserved 1048576K
}
Event: 10.679 GC heap before
{Heap before GC invocations=12 (full 2):
 PSYoungGen      total 24064K, used 1074K [0x00000000eab00000, 0x00000000ec600000, 0x0000000100000000)
  eden space 22528K, 0% used [0x00000000eab00000,0x00000000eab00000,0x00000000ec100000)
  from space 1536K, 69% used [0x00000000ec480000,0x00000000ec58caa0,0x00000000ec600000)
  to   space 2048K, 0% used [0x00000000ec200000,0x00000000ec200000,0x00000000ec400000)
 ParOldGen       total 68608K, used 16230K [0x00000000c0000000, 0x00000000c4300000, 0x00000000eab00000)
  object space 68608K, 23% used [0x00000000c0000000,0x00000000c0fd9a08,0x00000000c4300000)
 Metaspace       used 35057K, committed 35840K, reserved 1114112K
  class space    used 3570K, committed 3904K, reserved 1048576K
}
Event: 10.755 GC heap after
{Heap after GC invocations=12 (full 2):
 PSYoungGen      total 24064K, used 0K [0x00000000eab00000, 0x00000000ec600000, 0x0000000100000000)
  eden space 22528K, 0% used [0x00000000eab00000,0x00000000eab00000,0x00000000ec100000)
  from space 1536K, 0% used [0x00000000ec480000,0x00000000ec480000,0x00000000ec600000)
  to   space 2048K, 0% used [0x00000000ec200000,0x00000000ec200000,0x00000000ec400000)
 ParOldGen       total 68608K, used 13808K [0x00000000c0000000, 0x00000000c4300000, 0x00000000eab00000)
  object space 68608K, 20% used [0x00000000c0000000,0x00000000c0d7c3a0,0x00000000c4300000)
 Metaspace       used 35044K, committed 35840K, reserved 1114112K
  class space    used 3567K, committed 3904K, reserved 1048576K
}
Event: 11.355 GC heap before
{Heap before GC invocations=13 (full 2):
 PSYoungGen      total 24064K, used 22528K [0x00000000eab00000, 0x00000000ec600000, 0x0000000100000000)
  eden space 22528K, 100% used [0x00000000eab00000,0x00000000ec100000,0x00000000ec100000)
  from space 1536K, 0% used [0x00000000ec480000,0x00000000ec480000,0x00000000ec600000)
  to   space 2048K, 0% used [0x00000000ec200000,0x00000000ec200000,0x00000000ec400000)
 ParOldGen       total 68608K, used 13808K [0x00000000c0000000, 0x00000000c4300000, 0x00000000eab00000)
  object space 68608K, 20% used [0x00000000c0000000,0x00000000c0d7c3a0,0x00000000c4300000)
 Metaspace       used 36751K, committed 37568K, reserved 1114112K
  class space    used 3715K, committed 4096K, reserved 1048576K
}
Event: 11.364 GC heap after
{Heap after GC invocations=13 (full 2):
 PSYoungGen      total 24064K, used 2034K [0x00000000eab00000, 0x00000000ec580000, 0x0000000100000000)
  eden space 22016K, 0% used [0x00000000eab00000,0x00000000eab00000,0x00000000ec080000)
  from space 2048K, 99% used [0x00000000ec200000,0x00000000ec3fcb90,0x00000000ec400000)
  to   space 1536K, 0% used [0x00000000ec400000,0x00000000ec400000,0x00000000ec580000)
 ParOldGen       total 68608K, used 13973K [0x00000000c0000000, 0x00000000c4300000, 0x00000000eab00000)
  object space 68608K, 20% used [0x00000000c0000000,0x00000000c0da5400,0x00000000c4300000)
 Metaspace       used 36751K, committed 37568K, reserved 1114112K
  class space    used 3715K, committed 4096K, reserved 1048576K
}
Event: 12.213 GC heap before
{Heap before GC invocations=14 (full 2):
 PSYoungGen      total 24064K, used 24050K [0x00000000eab00000, 0x00000000ec580000, 0x0000000100000000)
  eden space 22016K, 100% used [0x00000000eab00000,0x00000000ec080000,0x00000000ec080000)
  from space 2048K, 99% used [0x00000000ec200000,0x00000000ec3fcb90,0x00000000ec400000)
  to   space 1536K, 0% used [0x00000000ec400000,0x00000000ec400000,0x00000000ec580000)
 ParOldGen       total 68608K, used 13973K [0x00000000c0000000, 0x00000000c4300000, 0x00000000eab00000)
  object space 68608K, 20% used [0x00000000c0000000,0x00000000c0da5400,0x00000000c4300000)
 Metaspace       used 38356K, committed 39296K, reserved 1114112K
  class space    used 3887K, committed 4288K, reserved 1048576K
}
Event: 12.217 GC heap after
{Heap after GC invocations=14 (full 2):
 PSYoungGen      total 23040K, used 576K [0x00000000eab00000, 0x00000000ec500000, 0x0000000100000000)
  eden space 22016K, 0% used [0x00000000eab00000,0x00000000eab00000,0x00000000ec080000)
  from space 1024K, 56% used [0x00000000ec400000,0x00000000ec490000,0x00000000ec500000)
  to   space 1536K, 0% used [0x00000000ec200000,0x00000000ec200000,0x00000000ec380000)
 ParOldGen       total 68608K, used 16019K [0x00000000c0000000, 0x00000000c4300000, 0x00000000eab00000)
  object space 68608K, 23% used [0x00000000c0000000,0x00000000c0fa4e40,0x00000000c4300000)
 Metaspace       used 38356K, committed 39296K, reserved 1114112K
  class space    used 3887K, committed 4288K, reserved 1048576K
}

Dll operation events (10 events):
Event: 0.023 Loaded shared library c:\Users\rodri\.vscode\extensions\redhat.java-1.36.0-win32-x64\jre\17.0.13-win32-x86_64\bin\java.dll
Event: 0.196 Loaded shared library c:\Users\rodri\.vscode\extensions\redhat.java-1.36.0-win32-x64\jre\17.0.13-win32-x86_64\bin\zip.dll
Event: 0.202 Loaded shared library C:\Users\rodri\.vscode\extensions\redhat.java-1.36.0-win32-x64\jre\17.0.13-win32-x86_64\bin\instrument.dll
Event: 0.216 Loaded shared library C:\Users\rodri\.vscode\extensions\redhat.java-1.36.0-win32-x64\jre\17.0.13-win32-x86_64\bin\net.dll
Event: 0.221 Loaded shared library C:\Users\rodri\.vscode\extensions\redhat.java-1.36.0-win32-x64\jre\17.0.13-win32-x86_64\bin\nio.dll
Event: 0.230 Loaded shared library C:\Users\rodri\.vscode\extensions\redhat.java-1.36.0-win32-x64\jre\17.0.13-win32-x86_64\bin\zip.dll
Event: 0.257 Loaded shared library C:\Users\rodri\.vscode\extensions\redhat.java-1.36.0-win32-x64\jre\17.0.13-win32-x86_64\bin\jimage.dll
Event: 0.360 Loaded shared library c:\Users\rodri\.vscode\extensions\redhat.java-1.36.0-win32-x64\jre\17.0.13-win32-x86_64\bin\verify.dll
Event: 1.837 Loaded shared library C:\Users\rodri\AppData\Roaming\Code\User\globalStorage\redhat.java\1.36.0\config_win\org.eclipse.equinox.launcher\org.eclipse.equinox.launcher.win32.win32.x86_64_1.2.1100.v20240722-2106\eclipse_11904.dll
Event: 6.944 Loaded shared library C:\Users\rodri\AppData\Local\Temp\jna-108687934\jna13753579228632508193.dll

Deoptimization events (20 events):
Event: 12.277 Thread 0x000002657f98d3c0 Uncommon trap: trap_request=0xffffff45 fr.pc=0x0000026507ce6ba4 relative=0x00000000000002a4
Event: 12.277 Thread 0x000002657f98d3c0 Uncommon trap: reason=unstable_if action=reinterpret pc=0x0000026507ce6ba4 method=java.lang.String.decodeASCII([BI[CII)I @ 7 c2
Event: 12.277 Thread 0x000002657f98d3c0 DEOPT PACKING pc=0x0000026507ce6ba4 sp=0x0000009d1a6f8a30
Event: 12.277 Thread 0x000002657f98d3c0 DEOPT UNPACKING pc=0x0000026507589ea3 sp=0x0000009d1a6f89e0 mode 2
Event: 12.477 Thread 0x000002657f98d3c0 DEOPT PACKING pc=0x0000026500433d1c sp=0x0000009d1a6fa820
Event: 12.477 Thread 0x000002657f98d3c0 DEOPT UNPACKING pc=0x000002650758a9e3 sp=0x0000009d1a6f9d70 mode 0
Event: 12.478 Thread 0x000002657f98d3c0 DEOPT PACKING pc=0x0000026500418f8c sp=0x0000009d1a6fab60
Event: 12.478 Thread 0x000002657f98d3c0 DEOPT UNPACKING pc=0x000002650758a9e3 sp=0x0000009d1a6fa0b0 mode 0
Event: 12.481 Thread 0x000002657f27d030 DEOPT PACKING pc=0x0000026500433d1c sp=0x0000009d1aefe310
Event: 12.481 Thread 0x000002657f27d030 DEOPT UNPACKING pc=0x000002650758a9e3 sp=0x0000009d1aefd860 mode 0
Event: 12.712 Thread 0x000002657f27d030 DEOPT PACKING pc=0x0000026500438338 sp=0x0000009d1aefcfa0
Event: 12.712 Thread 0x000002657f27d030 DEOPT UNPACKING pc=0x000002650758a9e3 sp=0x0000009d1aefc4a8 mode 0
Event: 12.718 Thread 0x000002657f27d030 Uncommon trap: trap_request=0xffffff45 fr.pc=0x0000026507d123e4 relative=0x0000000000001784
Event: 12.718 Thread 0x000002657f27d030 Uncommon trap: reason=unstable_if action=reinterpret pc=0x0000026507d123e4 method=java.util.Properties.loadConvert([CIILjava/lang/StringBuilder;)Ljava/lang/String; @ 477 c2
Event: 12.718 Thread 0x000002657f27d030 DEOPT PACKING pc=0x0000026507d123e4 sp=0x0000009d1aefcff0
Event: 12.718 Thread 0x000002657f27d030 DEOPT UNPACKING pc=0x0000026507589ea3 sp=0x0000009d1aefcfc8 mode 2
Event: 12.963 Thread 0x000002657f27d030 DEOPT PACKING pc=0x00000265009d9ab1 sp=0x0000009d1aefe1b0
Event: 12.963 Thread 0x000002657f27d030 DEOPT UNPACKING pc=0x000002650758a9e3 sp=0x0000009d1aefd668 mode 0
Event: 12.977 Thread 0x000002657f27d030 DEOPT PACKING pc=0x00000265009d9ab1 sp=0x0000009d1aefd7c0
Event: 12.977 Thread 0x000002657f27d030 DEOPT UNPACKING pc=0x000002650758a9e3 sp=0x0000009d1aefcc78 mode 0

Classes loaded (20 events):
Event: 12.540 Loading class java/net/SocketAddress
Event: 12.545 Loading class javax/xml/parsers/FactoryConfigurationError
Event: 12.553 Loading class java/net/SocketAddress done
Event: 12.553 Loading class java/net/InetSocketAddress
Event: 12.554 Loading class javax/xml/parsers/FactoryConfigurationError done
Event: 12.558 Loading class java/net/InetSocketAddress done
Event: 12.558 Loading class java/nio/channels/AsynchronousByteChannel
Event: 12.600 Loading class java/nio/channels/AsynchronousChannel
Event: 12.600 Loading class java/nio/channels/AsynchronousChannel done
Event: 12.600 Loading class java/nio/channels/AsynchronousByteChannel done
Event: 12.691 Loading class sun/util/locale/provider/DateFormatProviderImpl
Event: 12.712 Loading class sun/util/locale/provider/DateFormatProviderImpl done
Event: 12.981 Loading class java/io/UncheckedIOException
Event: 12.982 Loading class java/io/UncheckedIOException done
Event: 12.983 Loading class java/util/ImmutableCollections$Access
Event: 12.984 Loading class java/util/ImmutableCollections$Access done
Event: 12.984 Loading class java/util/ImmutableCollections$Access$1
Event: 12.984 Loading class jdk/internal/access/JavaUtilCollectionAccess
Event: 13.023 Loading class jdk/internal/access/JavaUtilCollectionAccess done
Event: 13.024 Loading class java/util/ImmutableCollections$Access$1 done

Classes unloaded (7 events):
Event: 10.694 Thread 0x0000026579c1e160 Unloading class 0x0000000100253400 'java/lang/invoke/LambdaForm$MH+0x0000000100253400'
Event: 10.694 Thread 0x0000026579c1e160 Unloading class 0x0000000100253000 'java/lang/invoke/LambdaForm$MH+0x0000000100253000'
Event: 10.694 Thread 0x0000026579c1e160 Unloading class 0x0000000100252c00 'java/lang/invoke/LambdaForm$MH+0x0000000100252c00'
Event: 10.694 Thread 0x0000026579c1e160 Unloading class 0x0000000100252800 'java/lang/invoke/LambdaForm$MH+0x0000000100252800'
Event: 10.694 Thread 0x0000026579c1e160 Unloading class 0x0000000100252400 'java/lang/invoke/LambdaForm$BMH+0x0000000100252400'
Event: 10.694 Thread 0x0000026579c1e160 Unloading class 0x0000000100252000 'java/lang/invoke/LambdaForm$DMH+0x0000000100252000'
Event: 10.694 Thread 0x0000026579c1e160 Unloading class 0x0000000100240800 'java/lang/invoke/LambdaForm$DMH+0x0000000100240800'

Classes redefined (0 events):
No events

Internal exceptions (20 events):
Event: 8.161 Thread 0x000002657f98d3c0 Exception <a 'java/lang/NoSuchMethodError'{0x00000000eaeaa558}: 'java.lang.Object java.lang.invoke.DirectMethodHandle$Holder.invokeSpecial(java.lang.Object, java.lang.Object, java.lang.Object, java.lang.Object, java.lang.Object, java.lang.Object, java.lang.Object, java.lang.Object, java.lang.Object, java.lang.Object, java.lang.Object, java.lang.Object, java.lang.Object, java.lang.Object)'> (0x00000000eaeaa558) 
thrown [s\src\hotspot\share\interpreter\linkResolver.cpp, line 759]
Event: 8.219 Thread 0x000002657f98d3c0 Exception <a 'java/lang/NoSuchMethodError'{0x00000000eaf17cf8}: static Lorg/eclipse/m2e/core/internal/lifecyclemapping/model/PluginExecutionMetadata;.<clinit>()V> (0x00000000eaf17cf8) 
thrown [s\src\hotspot\share\prims\jni.cpp, line 1112]
Event: 8.220 Thread 0x000002657f98d3c0 Implicit null exception at 0x0000026507c085d6 to 0x0000026507c08fe8
Event: 8.234 Thread 0x000002657f98d3c0 Exception <a 'java/lang/NoSuchMethodError'{0x00000000eaf76cc8}: static Lorg/eclipse/m2e/core/internal/lifecyclemapping/model/PluginExecutionFilter;.<clinit>()V> (0x00000000eaf76cc8) 
thrown [s\src\hotspot\share\prims\jni.cpp, line 1112]
Event: 8.248 Thread 0x000002657f98d3c0 Exception <a 'java/lang/NoSuchMethodError'{0x00000000eafae1f8}: static Lorg/eclipse/m2e/core/internal/project/registry/MavenProjectFacade$MavenProjectConfiguration;.<clinit>()V> (0x00000000eafae1f8) 
thrown [s\src\hotspot\share\prims\jni.cpp, line 1112]
Event: 8.556 Thread 0x000002657f98d3c0 Exception <a 'java/lang/NoSuchMethodError'{0x00000000eb2f1958}: 'double java.lang.invoke.DirectMethodHandle$Holder.invokeStatic(java.lang.Object, java.lang.Object)'> (0x00000000eb2f1958) 
thrown [s\src\hotspot\share\interpreter\linkResolver.cpp, line 759]
Event: 8.556 Thread 0x000002657f98d3c0 Exception <a 'java/lang/NoSuchMethodError'{0x00000000eb2f5270}: 'double java.lang.invoke.DirectMethodHandle$Holder.invokeStaticInit(java.lang.Object, java.lang.Object)'> (0x00000000eb2f5270) 
thrown [s\src\hotspot\share\interpreter\linkResolver.cpp, line 759]
Event: 9.317 Thread 0x000002657f98d3c0 Exception <a 'java/io/FileNotFoundException'{0x00000000eaceb650}> (0x00000000eaceb650) 
thrown [s\src\hotspot\share\prims\jni.cpp, line 516]
Event: 9.317 Thread 0x000002657f98d3c0 Exception <a 'java/io/FileNotFoundException'{0x00000000eacec4a0}> (0x00000000eacec4a0) 
thrown [s\src\hotspot\share\prims\jni.cpp, line 516]
Event: 9.318 Thread 0x000002657f98d3c0 Exception <a 'java/io/FileNotFoundException'{0x00000000eaced440}> (0x00000000eaced440) 
thrown [s\src\hotspot\share\prims\jni.cpp, line 516]
Event: 9.598 Thread 0x000002657f279d90 Exception <a 'java/lang/NoSuchMethodError'{0x00000000eb47ce28}: 'java.lang.Object java.lang.invoke.DirectMethodHandle$Holder.invokeSpecialIFC(java.lang.Object, java.lang.Object, java.lang.Object, java.lang.Object)'> (0x00000000eb47ce28) 
thrown [s\src\hotspot\share\interpreter\linkResolver.cpp, line 759]
Event: 10.529 Thread 0x000002657f98d3c0 Implicit null exception at 0x0000026507c83948 to 0x0000026507c83a34
Event: 10.588 Thread 0x000002657f279d90 Exception <a 'java/lang/NoSuchMethodError'{0x00000000eb4786a8}: 'int java.lang.invoke.DirectMethodHandle$Holder.invokeStatic(java.lang.Object, java.lang.Object, java.lang.Object, java.lang.Object, java.lang.Object)'> (0x00000000eb4786a8) 
thrown [s\src\hotspot\share\interpreter\linkResolver.cpp, line 759]
Event: 11.063 Thread 0x000002657f98d3c0 Exception <a 'java/lang/NoSuchMethodError'{0x00000000ebd7eb00}: 'java.lang.Object java.lang.invoke.DirectMethodHandle$Holder.newInvokeSpecial(java.lang.Object, int, java.lang.Object, java.lang.Object)'> (0x00000000ebd7eb00) 
thrown [s\src\hotspot\share\interpreter\linkResolver.cpp, line 759]
Event: 11.067 Thread 0x000002657f98d3c0 Exception <a 'java/io/FileNotFoundException'{0x00000000ebda2e60}> (0x00000000ebda2e60) 
thrown [s\src\hotspot\share\prims\jni.cpp, line 516]
Event: 11.197 Thread 0x000002657f279d90 Exception <a 'java/lang/NoClassDefFoundError'{0x00000000ebeb8a10}: javax/enterprise/inject/Typed> (0x00000000ebeb8a10) 
thrown [s\src\hotspot\share\classfile\systemDictionary.cpp, line 245]
Event: 12.264 Thread 0x000002657f98d3c0 Exception <a 'java/lang/ClassNotFoundException'{0x00000000eacae2f0}: com/sun/org/apache/xerces/internal/impl/msg/spi/DOMMessagesProvider> (0x00000000eacae2f0) 
thrown [s\src\hotspot\share\classfile\systemDictionary.cpp, line 256]
Event: 12.272 Thread 0x000002657f98d3c0 Exception <a 'java/lang/ClassNotFoundException'{0x00000000eacd2798}: com/sun/org/apache/xerces/internal/impl/msg/spi/XMLSerializerMessagesProvider> (0x00000000eacd2798) 
thrown [s\src\hotspot\share\classfile\systemDictionary.cpp, line 256]
Event: 12.273 Thread 0x000002657f98d3c0 Exception <a 'java/lang/ClassNotFoundException'{0x00000000ead17470}: com/sun/org/apache/xerces/internal/impl/msg/spi/XMLMessagesProvider> (0x00000000ead17470) 
thrown [s\src\hotspot\share\classfile\systemDictionary.cpp, line 256]
Event: 12.947 Thread 0x000002657f27d030 Exception <a 'java/lang/NoSuchMethodError'{0x00000000eba24ce8}: 'int java.lang.invoke.DirectMethodHandle$Holder.invokeSpecial(java.lang.Object, java.lang.Object, java.lang.Object, java.lang.Object)'> (0x00000000eba24ce8) 
thrown [s\src\hotspot\share\interpreter\linkResolver.cpp, line 759]

VM Operations (20 events):
Event: 8.564 Executing VM operation: HandshakeAllThreads
Event: 8.564 Executing VM operation: HandshakeAllThreads done
Event: 9.234 Executing VM operation: ParallelGCFailedAllocation
Event: 9.240 Executing VM operation: ParallelGCFailedAllocation done
Event: 9.542 Executing VM operation: HandshakeAllThreads
Event: 9.545 Executing VM operation: HandshakeAllThreads done
Event: 10.308 Executing VM operation: ParallelGCFailedAllocation
Event: 10.313 Executing VM operation: ParallelGCFailedAllocation done
Event: 10.672 Executing VM operation: CollectForMetadataAllocation
Event: 10.755 Executing VM operation: CollectForMetadataAllocation done
Event: 10.768 Executing VM operation: CollectForMetadataAllocation
Event: 10.775 Executing VM operation: CollectForMetadataAllocation done
Event: 11.014 Executing VM operation: HandshakeAllThreads
Event: 11.014 Executing VM operation: HandshakeAllThreads done
Event: 11.355 Executing VM operation: ParallelGCFailedAllocation
Event: 11.364 Executing VM operation: ParallelGCFailedAllocation done
Event: 11.933 Executing VM operation: HandshakeAllThreads
Event: 11.933 Executing VM operation: HandshakeAllThreads done
Event: 12.202 Executing VM operation: ParallelGCFailedAllocation
Event: 12.217 Executing VM operation: ParallelGCFailedAllocation done

Memory protections (0 events):
No events

Nmethod flushes (0 events):
No events

Events (20 events):
Event: 0.097 Thread 0x0000026574df4e20 Thread added: 0x0000026579c6a6d0
Event: 0.098 Thread 0x0000026574df4e20 Thread added: 0x0000026579c6d390
Event: 0.098 Thread 0x0000026574df4e20 Thread added: 0x0000026579c7d2d0
Event: 0.099 Thread 0x0000026574df4e20 Thread added: 0x0000026579c7d7f0
Event: 0.152 Thread 0x0000026574df4e20 Thread added: 0x000002657eec9ca0
Event: 0.491 Thread 0x0000026574df4e20 Thread added: 0x000002657f1203e0
Event: 1.586 Thread 0x0000026574df4e20 Thread added: 0x000002657f6c64f0
Event: 1.823 Thread 0x0000026574df4e20 Thread added: 0x000002657f949130
Event: 1.861 Thread 0x000002657f949130 Thread added: 0x000002657f9a5a60
Event: 1.867 Thread 0x0000026574df4e20 Thread added: 0x000002657f98d3c0
Event: 2.494 Thread 0x000002657f98d3c0 Thread added: 0x000002657f81f620
Event: 2.758 Thread 0x000002657f98d3c0 Thread added: 0x000002657f39c550
Event: 2.872 Thread 0x000002657f98d3c0 Thread added: 0x000002657f39bb30
Event: 3.778 Thread 0x000002657f98d3c0 Thread added: 0x000002657f39c040
Event: 6.971 Thread 0x000002657f98d3c0 Thread added: 0x000002657f27d540
Event: 7.005 Thread 0x000002657f98d3c0 Thread added: 0x000002657f27acc0
Event: 7.035 Thread 0x000002657f98d3c0 Thread added: 0x000002657f279d90
Event: 7.236 Thread 0x000002657f279d90 Thread added: 0x000002657f27d030
Event: 12.477 Thread 0x000002657f98d3c0 Thread added: 0x000002657f27c100
Event: 12.478 Thread 0x000002657f27acc0 Thread added: 0x000002657f27c610


Dynamic libraries:
0x00007ff617550000 - 0x00007ff61755e000 	c:\Users\rodri\.vscode\extensions\redhat.java-1.36.0-win32-x64\jre\17.0.13-win32-x86_64\bin\java.exe
0x00007fffe4b50000 - 0x00007fffe4d67000 	C:\WINDOWS\SYSTEM32\ntdll.dll
0x00007fffe4480000 - 0x00007fffe4544000 	C:\WINDOWS\System32\KERNEL32.DLL
0x00007fffe21a0000 - 0x00007fffe2559000 	C:\WINDOWS\System32\KERNELBASE.dll
0x00007fffe26d0000 - 0x00007fffe27e1000 	C:\WINDOWS\System32\ucrtbase.dll
0x00007fffd2530000 - 0x00007fffd2547000 	c:\Users\rodri\.vscode\extensions\redhat.java-1.36.0-win32-x64\jre\17.0.13-win32-x86_64\bin\jli.dll
0x00007fffe29e0000 - 0x00007fffe2b8e000 	C:\WINDOWS\System32\USER32.dll
0x00007fffe1f90000 - 0x00007fffe1fb6000 	C:\WINDOWS\System32\win32u.dll
0x00007fffe2eb0000 - 0x00007fffe2ed9000 	C:\WINDOWS\System32\GDI32.dll
0x00007fffe1fc0000 - 0x00007fffe20db000 	C:\WINDOWS\System32\gdi32full.dll
0x00007fffe1ef0000 - 0x00007fffe1f8a000 	C:\WINDOWS\System32\msvcp_win.dll
0x00007fffbad20000 - 0x00007fffbad3e000 	c:\Users\rodri\.vscode\extensions\redhat.java-1.36.0-win32-x64\jre\17.0.13-win32-x86_64\bin\VCRUNTIME140.dll
0x00007fffca960000 - 0x00007fffcabf2000 	C:\WINDOWS\WinSxS\amd64_microsoft.windows.common-controls_6595b64144ccf1df_6.0.22621.4391_none_2715d37f73803e96\COMCTL32.dll
0x00007fffe40b0000 - 0x00007fffe4157000 	C:\WINDOWS\System32\msvcrt.dll
0x00007fffe4550000 - 0x00007fffe4581000 	C:\WINDOWS\System32\IMM32.DLL
0x00007fffd38c0000 - 0x00007fffd38cc000 	c:\Users\rodri\.vscode\extensions\redhat.java-1.36.0-win32-x64\jre\17.0.13-win32-x86_64\bin\vcruntime140_1.dll
0x00007fff64550000 - 0x00007fff645dd000 	c:\Users\rodri\.vscode\extensions\redhat.java-1.36.0-win32-x64\jre\17.0.13-win32-x86_64\bin\msvcp140.dll
0x00007fff555c0000 - 0x00007fff5622b000 	c:\Users\rodri\.vscode\extensions\redhat.java-1.36.0-win32-x64\jre\17.0.13-win32-x86_64\bin\server\jvm.dll
0x00007fffe2870000 - 0x00007fffe2922000 	C:\WINDOWS\System32\ADVAPI32.dll
0x00007fffe42f0000 - 0x00007fffe4397000 	C:\WINDOWS\System32\sechost.dll
0x00007fffe1e50000 - 0x00007fffe1e78000 	C:\WINDOWS\System32\bcrypt.dll
0x00007fffe3f90000 - 0x00007fffe40a4000 	C:\WINDOWS\System32\RPCRT4.dll
0x00007fffe4210000 - 0x00007fffe4281000 	C:\WINDOWS\System32\WS2_32.dll
0x00007fffe1d20000 - 0x00007fffe1d6d000 	C:\WINDOWS\SYSTEM32\POWRPROF.dll
0x00007fffdb150000 - 0x00007fffdb15a000 	C:\WINDOWS\SYSTEM32\VERSION.dll
0x00007fffdb420000 - 0x00007fffdb454000 	C:\WINDOWS\SYSTEM32\WINMM.dll
0x00007fffe1c50000 - 0x00007fffe1c63000 	C:\WINDOWS\SYSTEM32\UMPDC.dll
0x00007fffe0e50000 - 0x00007fffe0e68000 	C:\WINDOWS\SYSTEM32\kernel.appcore.dll
0x00007fffc1d00000 - 0x00007fffc1d0a000 	c:\Users\rodri\.vscode\extensions\redhat.java-1.36.0-win32-x64\jre\17.0.13-win32-x86_64\bin\jimage.dll
0x00007fffdf800000 - 0x00007fffdfa32000 	C:\WINDOWS\SYSTEM32\DBGHELP.DLL
0x00007fffe3370000 - 0x00007fffe36ff000 	C:\WINDOWS\System32\combase.dll
0x00007fffe43a0000 - 0x00007fffe4477000 	C:\WINDOWS\System32\OLEAUT32.dll
0x00007fffc1fa0000 - 0x00007fffc1fd2000 	C:\WINDOWS\SYSTEM32\dbgcore.DLL
0x00007fffe27f0000 - 0x00007fffe286b000 	C:\WINDOWS\System32\bcryptPrimitives.dll
0x00007fffbc690000 - 0x00007fffbc69e000 	c:\Users\rodri\.vscode\extensions\redhat.java-1.36.0-win32-x64\jre\17.0.13-win32-x86_64\bin\instrument.dll
0x00007fff9ccc0000 - 0x00007fff9cce5000 	c:\Users\rodri\.vscode\extensions\redhat.java-1.36.0-win32-x64\jre\17.0.13-win32-x86_64\bin\java.dll
0x00007fffa3fd0000 - 0x00007fffa3fe8000 	c:\Users\rodri\.vscode\extensions\redhat.java-1.36.0-win32-x64\jre\17.0.13-win32-x86_64\bin\zip.dll
0x00007fffe3710000 - 0x00007fffe3f86000 	C:\WINDOWS\System32\SHELL32.dll
0x00007fffdfd40000 - 0x00007fffe0643000 	C:\WINDOWS\SYSTEM32\windows.storage.dll
0x00007fffdfc00000 - 0x00007fffdfd3f000 	C:\WINDOWS\SYSTEM32\wintypes.dll
0x00007fffe4780000 - 0x00007fffe4879000 	C:\WINDOWS\System32\SHCORE.dll
0x00007fffe4590000 - 0x00007fffe45ee000 	C:\WINDOWS\System32\shlwapi.dll
0x00007fffe1d80000 - 0x00007fffe1dab000 	C:\WINDOWS\SYSTEM32\profapi.dll
0x00007fffa3480000 - 0x00007fffa3499000 	C:\Users\rodri\.vscode\extensions\redhat.java-1.36.0-win32-x64\jre\17.0.13-win32-x86_64\bin\net.dll
0x00007fffde460000 - 0x00007fffde596000 	C:\WINDOWS\SYSTEM32\WINHTTP.dll
0x00007fffe12c0000 - 0x00007fffe1329000 	C:\WINDOWS\system32\mswsock.dll
0x00007fffa2410000 - 0x00007fffa2426000 	C:\Users\rodri\.vscode\extensions\redhat.java-1.36.0-win32-x64\jre\17.0.13-win32-x86_64\bin\nio.dll
0x00007fffbbeb0000 - 0x00007fffbbec0000 	c:\Users\rodri\.vscode\extensions\redhat.java-1.36.0-win32-x64\jre\17.0.13-win32-x86_64\bin\verify.dll
0x00007fff9fa00000 - 0x00007fff9fa45000 	C:\Users\rodri\AppData\Roaming\Code\User\globalStorage\redhat.java\1.36.0\config_win\org.eclipse.equinox.launcher\org.eclipse.equinox.launcher.win32.win32.x86_64_1.2.1100.v20240722-2106\eclipse_11904.dll
0x00007fffe4960000 - 0x00007fffe4b05000 	C:\WINDOWS\System32\ole32.dll
0x00007fffe1560000 - 0x00007fffe157b000 	C:\WINDOWS\SYSTEM32\CRYPTSP.dll
0x00007fffe0db0000 - 0x00007fffe0de5000 	C:\WINDOWS\system32\rsaenh.dll
0x00007fffe1360000 - 0x00007fffe1388000 	C:\WINDOWS\SYSTEM32\USERENV.dll
0x00007fffe14c0000 - 0x00007fffe14cc000 	C:\WINDOWS\SYSTEM32\CRYPTBASE.dll
0x00007fffe08b0000 - 0x00007fffe08dd000 	C:\WINDOWS\SYSTEM32\IPHLPAPI.DLL
0x00007fffe4880000 - 0x00007fffe4889000 	C:\WINDOWS\System32\NSI.dll
0x00007fffdb670000 - 0x00007fffdb689000 	C:\WINDOWS\SYSTEM32\dhcpcsvc6.DLL
0x00007fffdb460000 - 0x00007fffdb47f000 	C:\WINDOWS\SYSTEM32\dhcpcsvc.DLL
0x00007fffe08e0000 - 0x00007fffe09e2000 	C:\WINDOWS\SYSTEM32\DNSAPI.dll
0x00007fffa2e70000 - 0x00007fffa2eb9000 	C:\Users\rodri\AppData\Local\Temp\jna-108687934\jna13753579228632508193.dll
0x00007fffe4610000 - 0x00007fffe4618000 	C:\WINDOWS\System32\PSAPI.DLL

dbghelp: loaded successfully - version: 4.0.5 - missing functions: none
symbol engine: initialized successfully - sym options: 0x614 - pdb path: .;c:\Users\rodri\.vscode\extensions\redhat.java-1.36.0-win32-x64\jre\17.0.13-win32-x86_64\bin;C:\WINDOWS\SYSTEM32;C:\WINDOWS\WinSxS\amd64_microsoft.windows.common-controls_6595b64144ccf1df_6.0.22621.4391_none_2715d37f73803e96;c:\Users\rodri\.vscode\extensions\redhat.java-1.36.0-win32-x64\jre\17.0.13-win32-x86_64\bin\server;C:\Users\rodri\AppData\Roaming\Code\User\globalStorage\redhat.java\1.36.0\config_win\org.eclipse.equinox.launcher\org.eclipse.equinox.launcher.win32.win32.x86_64_1.2.1100.v20240722-2106;C:\Users\rodri\AppData\Local\Temp\jna-108687934

VM Arguments:
jvm_args: --add-modules=ALL-SYSTEM --add-opens=java.base/java.util=ALL-UNNAMED --add-opens=java.base/java.lang=ALL-UNNAMED --add-opens=java.base/sun.nio.fs=ALL-UNNAMED -Declipse.application=org.eclipse.jdt.ls.core.id1 -Dosgi.bundles.defaultStartLevel=4 -Declipse.product=org.eclipse.jdt.ls.core.product -Djava.import.generatesMetadataFilesAtProjectRoot=false -DDetectVMInstallationsJob.disabled=true -Dfile.encoding=utf8 -XX:+UseParallelGC -XX:GCTimeRatio=4 -XX:AdaptiveSizePolicyWeight=90 -Dsun.zip.disableMemoryMapping=true -Xmx1G -Xms100m -Xlog:disable -javaagent:c:\Users\rodri\.vscode\extensions\redhat.java-1.36.0-win32-x64\lombok\lombok-1.18.35.jar -XX:+HeapDumpOnOutOfMemoryError -XX:HeapDumpPath=c:\Users\rodri\AppData\Roaming\Code\User\workspaceStorage\15bb19ec7aa4bcb7399b3e768695512b\redhat.java -Daether.dependencyCollector.impl=bf 
java_command: c:\Users\rodri\.vscode\extensions\redhat.java-1.36.0-win32-x64\server\plugins\org.eclipse.equinox.launcher_1.6.900.v20240613-2009.jar -configuration c:\Users\rodri\AppData\Roaming\Code\User\globalStorage\redhat.java\1.36.0\config_win -data c:\Users\rodri\AppData\Roaming\Code\User\workspaceStorage\15bb19ec7aa4bcb7399b3e768695512b\redhat.java\jdt_ws --pipe=\\.\pipe\lsp-bbe9ed8bb8fa9b98db7ff3c88afbe47d-sock
java_class_path (initial): c:\Users\rodri\.vscode\extensions\redhat.java-1.36.0-win32-x64\server\plugins\org.eclipse.equinox.launcher_1.6.900.v20240613-2009.jar
Launcher Type: SUN_STANDARD

[Global flags]
    uintx AdaptiveSizePolicyWeight                 = 90                                        {product} {command line}
     intx CICompilerCount                          = 3                                         {product} {ergonomic}
    uintx GCTimeRatio                              = 4                                         {product} {command line}
     bool HeapDumpOnOutOfMemoryError               = true                                   {manageable} {command line}
    ccstr HeapDumpPath                             = c:\Users\rodri\AppData\Roaming\Code\User\workspaceStorage\15bb19ec7aa4bcb7399b3e768695512b\redhat.java         {manageable} {command line}
   size_t InitialHeapSize                          = 104857600                                 {product} {command line}
   size_t MaxHeapSize                              = 1073741824                                {product} {command line}
   size_t MaxNewSize                               = 357564416                                 {product} {ergonomic}
   size_t MinHeapDeltaBytes                        = 524288                                    {product} {ergonomic}
   size_t MinHeapSize                              = 104857600                                 {product} {command line}
   size_t NewSize                                  = 34603008                                  {product} {ergonomic}
    uintx NonNMethodCodeHeapSize                   = 5832780                                {pd product} {ergonomic}
    uintx NonProfiledCodeHeapSize                  = 122912730                              {pd product} {ergonomic}
   size_t OldSize                                  = 70254592                                  {product} {ergonomic}
    uintx ProfiledCodeHeapSize                     = 122912730                              {pd product} {ergonomic}
    uintx ReservedCodeCacheSize                    = 251658240                              {pd product} {ergonomic}
     bool SegmentedCodeCache                       = true                                      {product} {ergonomic}
   size_t SoftMaxHeapSize                          = 1073741824                             {manageable} {ergonomic}
     bool UseCompressedClassPointers               = true                           {product lp64_product} {ergonomic}
     bool UseCompressedOops                        = true                           {product lp64_product} {ergonomic}
     bool UseLargePagesIndividualAllocation        = false                                  {pd product} {ergonomic}
     bool UseParallelGC                            = true                                      {product} {command line}

Logging:
Log output configuration:
 #0: stdout all=off uptime,level,tags
 #1: stderr all=off uptime,level,tags

Environment Variables:
JAVA_HOME=C:\Program Files\Java\jdk-21
PATH=C:\Program Files\Common Files\Oracle\Java\javapath;C:\WINDOWS\system32;C:\WINDOWS;C:\WINDOWS\System32\Wbem;C:\WINDOWS\System32\WindowsPowerShell\v1.0\;C:\WINDOWS\System32\OpenSSH\;C:\Program Files\Java\jdk-21\bin;C:\Program Files\nodejs\;C:\Program Files\git\bin;C:\Program Files\Git\cmd;C:\Program Files\Docker\Docker\resources\bin;C:\Program Files\Common Files\Oracle\Java\javapath;C:\WINDOWS\system32;C:\WINDOWS;C:\WINDOWS\System32\Wbem;C:\WINDOWS\System32\WindowsPowerShell\v1.0\;C:\WINDOWS\System32\OpenSSH\;C:\Program Files\Java\jdk-21\bin;C:\Program Files\nodejs\;C:\Program Files\Git\bin;C:\Users\rodri\AppData\Local\Microsoft\WindowsApps;C:\Users\rodri\AppData\Local\Programs\Microsoft VS Code\bin;C:\Users\rodri\AppData\Roaming\npm;C:\Users\rodri\git\bin
USERNAME=rodri
OS=Windows_NT
PROCESSOR_IDENTIFIER=Intel64 Family 6 Model 140 Stepping 2, GenuineIntel
TMP=C:\Users\rodri\AppData\Local\Temp
TEMP=C:\Users\rodri\AppData\Local\Temp



Periodic native trim disabled


---------------  S Y S T E M  ---------------

OS:
 Windows 11 , 64 bit Build 22621 (10.0.22621.4391)
OS uptime: 0 days 3:35 hours
Hyper-V role detected

CPU: total 4 (initial active 4) (2 cores per cpu, 2 threads per core) family 6 model 140 stepping 2 microcode 0x26, cx8, cmov, fxsr, ht, mmx, 3dnowpref, sse, sse2, sse3, ssse3, sse4.1, sse4.2, popcnt, lzcnt, tsc, tscinvbit, avx, avx2, aes, erms, clmul, bmi1, bmi2, adx, avx512f, avx512dq, avx512cd, avx512bw, avx512vl, sha, fma, vzeroupper, avx512_vpopcntdq, avx512_vpclmulqdq, avx512_vaes, avx512_vnni, clflush, clflushopt, clwb, avx512_vbmi2, avx512_vbmi, hv
Processor Information for all 4 processors :
  Max Mhz: 2995, Current Mhz: 2995, Mhz Limit: 2995

Memory: 4k page, system-wide physical 3879M (26M free)
TotalPageFile size 15655M (AvailPageFile size 7M)
current process WorkingSet (physical memory assigned to process): 107M, peak: 134M
current process commit charge ("private bytes"): 238M, peak: 251M

vm_info: OpenJDK 64-Bit Server VM (17.0.13+11) for windows-amd64 JRE (17.0.13+11), built on Oct 16 2024 00:10:08 by "admin" with MS VC++ 17.7 (VS2022)

END.
